<?xml version="1.0" encoding="UTF-8"?>
<robot generator="Robot 5.0.1 (Python 3.10.6 on win32)" generated="20231216 00:46:46.217" rpa="false" schemaversion="3">
<suite id="s1" name="Tests" source="C:\Users\eray.yagiz\PycharmProjects\Case-03\tests">
<suite id="s1-s1" name="Frontend" source="C:\Users\eray.yagiz\PycharmProjects\Case-03\tests\Frontend">
<suite id="s1-s1-s1" name="TC Login" source="C:\Users\eray.yagiz\PycharmProjects\Case-03\tests\Frontend\TC_Login.robot">
<kw name="Run Keywords" library="BuiltIn" type="SETUP">
<arg>Register Keyword To Run On Failure</arg>
<arg>NONE</arg>
<arg>AND</arg>
<arg>Open Portal</arg>
<arg>AND</arg>
<arg>Remove Files</arg>
<arg>${DOWNLOAD_DIR}${/}*</arg>
<arg>AND</arg>
<arg>Go to Login Screen</arg>
<doc>Executes all the given keywords in a sequence.</doc>
<kw name="Register Keyword To Run On Failure" library="SeleniumLibrary">
<arg>NONE</arg>
<doc>Sets the keyword to execute, when a SeleniumLibrary keyword fails.</doc>
<msg timestamp="20231216 00:46:46.947" level="INFO">No keyword will be run on failure.</msg>
<status status="PASS" starttime="20231216 00:46:46.946" endtime="20231216 00:46:46.947"/>
</kw>
<kw name="Open Portal" library="Keyword_FE_Base">
<doc>Keyword to launch Portal login page in maximized size browser window.</doc>
<kw name="Evaluate" library="BuiltIn">
<var>${CHROME_OPTIONS}</var>
<arg>sys.modules['selenium.webdriver'].ChromeOptions()</arg>
<arg>sys, selenium.webdriver</arg>
<doc>Evaluates the given expression in Python and returns the result.</doc>
<msg timestamp="20231216 00:46:46.948" level="INFO">${CHROME_OPTIONS} = &lt;selenium.webdriver.chrome.options.Options object at 0x0000011DE3C0C520&gt;</msg>
<status status="PASS" starttime="20231216 00:46:46.947" endtime="20231216 00:46:46.948"/>
</kw>
<kw name="Create Dictionary" library="BuiltIn">
<var>${prefs}</var>
<arg>download.default_directory=${DOWNLOAD_DIR}</arg>
<arg>safebrowsing.enabled=false</arg>
<doc>Creates and returns a dictionary based on the given ``items``.</doc>
<msg timestamp="20231216 00:46:46.949" level="INFO">${prefs} = {'download.default_directory': 'C:\\Users\\eray.yagiz\\PycharmProjects\\Case-03\\Resources\\Downloads', 'safebrowsing.enabled': 'false'}</msg>
<status status="PASS" starttime="20231216 00:46:46.948" endtime="20231216 00:46:46.949"/>
</kw>
<kw name="Call Method" library="BuiltIn">
<arg>${CHROME_OPTIONS}</arg>
<arg>add_experimental_option</arg>
<arg>prefs</arg>
<arg>${prefs}</arg>
<doc>Calls the named method of the given object with the provided arguments.</doc>
<status status="PASS" starttime="20231216 00:46:46.949" endtime="20231216 00:46:46.949"/>
</kw>
<kw name="Get Driver Path" library="utility">
<var>${driver_path}</var>
<arg>${BROWSER_TYPE}</arg>
<doc>Keyword to get the path for the browser</doc>
<msg timestamp="20231216 00:46:46.949" level="INFO">====== WebDriver manager ======</msg>
<msg timestamp="20231216 00:46:48.777" level="INFO">Get LATEST chromedriver version for google-chrome</msg>
<msg timestamp="20231216 00:46:48.792" level="INFO">Get LATEST chromedriver version for google-chrome</msg>
<msg timestamp="20231216 00:46:48.793" level="INFO">There is no [win64] chromedriver "120.0.6099.71" for browser google-chrome "120.0.6099.71" in cache</msg>
<msg timestamp="20231216 00:46:48.793" level="INFO">Get LATEST chromedriver version for google-chrome</msg>
<msg timestamp="20231216 00:46:48.965" level="INFO">WebDriver version 120.0.6099.71 selected</msg>
<msg timestamp="20231216 00:46:48.966" level="INFO">Modern chrome version https://edgedl.me.gvt1.com/edgedl/chrome/chrome-for-testing/120.0.6099.71/win32/chromedriver-win32.zip</msg>
<msg timestamp="20231216 00:46:48.966" level="INFO">About to download new driver from https://edgedl.me.gvt1.com/edgedl/chrome/chrome-for-testing/120.0.6099.71/win32/chromedriver-win32.zip</msg>
<msg timestamp="20231216 00:46:49.087" level="INFO">Driver downloading response is 200</msg>
<msg timestamp="20231216 00:46:49.968" level="INFO">Get LATEST chromedriver version for google-chrome</msg>
<msg timestamp="20231216 00:46:50.107" level="INFO">Driver has been saved in cache [C:\Users\eray.yagiz\.wdm\drivers\chromedriver\win64\120.0.6099.71]</msg>
<msg timestamp="20231216 00:46:50.107" level="INFO">${driver_path} = C:\Users\eray.yagiz\.wdm\drivers\chromedriver\win64\120.0.6099.71\chromedriver-win32/chromedriver.exe</msg>
<status status="PASS" starttime="20231216 00:46:46.949" endtime="20231216 00:46:50.107"/>
</kw>
<kw name="Open Browser" library="SeleniumLibrary">
<arg>url=${BASE_URL}</arg>
<arg>browser=${BROWSER_TYPE}</arg>
<arg>options=${CHROME_OPTIONS}</arg>
<arg>executable_path=${driver_path}</arg>
<doc>Opens a new browser instance to the optional ``url``.</doc>
<msg timestamp="20231216 00:46:50.109" level="INFO">Opening browser 'Chrome' to base url 'https://practicetestautomation.com/'.</msg>
<status status="PASS" starttime="20231216 00:46:50.108" endtime="20231216 00:46:54.414"/>
</kw>
<kw name="Maximize Browser Window" library="SeleniumLibrary">
<doc>Maximizes current browser window.</doc>
<status status="PASS" starttime="20231216 00:46:54.415" endtime="20231216 00:46:54.541"/>
</kw>
<status status="PASS" starttime="20231216 00:46:46.947" endtime="20231216 00:46:54.542"/>
</kw>
<kw name="Remove Files" library="OperatingSystem">
<arg>${DOWNLOAD_DIR}${/}*</arg>
<doc>Uses `Remove File` to remove multiple files one-by-one.</doc>
<msg timestamp="20231216 00:46:54.544" level="INFO" html="true">File '&lt;a href="file://C:\Users\eray.yagiz\PycharmProjects\Case-03\Resources\Downloads\*"&gt;C:\Users\eray.yagiz\PycharmProjects\Case-03\Resources\Downloads\*&lt;/a&gt;' does not exist.</msg>
<status status="PASS" starttime="20231216 00:46:54.542" endtime="20231216 00:46:54.544"/>
</kw>
<kw name="Go to Login Screen" library="Keyword_FE_Login">
<doc>Keyword to go to the login screen in Portal</doc>
<kw name="Wait Until Element Is Visible" library="SeleniumLibrary">
<arg>${Home_Title_txt}</arg>
<arg>${Element_Timeout}</arg>
<doc>Waits until the element ``locator`` is visible.</doc>
<status status="PASS" starttime="20231216 00:46:54.544" endtime="20231216 00:46:54.597"/>
</kw>
<kw name="Wait And Click Element" library="Keyword_FE_Base">
<arg>${Portal_Practice_Menu_btn}</arg>
<doc>Keyword to wait for element to be visible before clicking the element</doc>
<kw name="Wait Until Page Contains Element" library="SeleniumLibrary">
<arg>${locator}</arg>
<arg>${Element_Timeout}</arg>
<doc>Waits until the element ``locator`` appears on the current page.</doc>
<status status="PASS" starttime="20231216 00:46:54.600" endtime="20231216 00:46:54.669"/>
</kw>
<kw name="Wait Until Keyword Succeeds" library="BuiltIn">
<arg>20x</arg>
<arg>0.2s</arg>
<arg>Scroll Element Into View</arg>
<arg>${locator}</arg>
<doc>Runs the specified keyword and retries if it fails.</doc>
<kw name="Scroll Element Into View" library="SeleniumLibrary">
<arg>${locator}</arg>
<doc>Scrolls the element identified by ``locator`` into view.</doc>
<status status="PASS" starttime="20231216 00:46:54.671" endtime="20231216 00:46:54.958"/>
</kw>
<status status="PASS" starttime="20231216 00:46:54.670" endtime="20231216 00:46:54.958"/>
</kw>
<kw name="Wait Until Element Is Visible" library="SeleniumLibrary">
<arg>${locator}</arg>
<arg>${Element_Timeout}</arg>
<doc>Waits until the element ``locator`` is visible.</doc>
<status status="PASS" starttime="20231216 00:46:54.958" endtime="20231216 00:46:54.987"/>
</kw>
<kw name="Wait Until Element Is Enabled" library="SeleniumLibrary">
<arg>${locator}</arg>
<arg>${Element_Timeout}</arg>
<doc>Waits until the element ``locator`` is enabled.</doc>
<status status="PASS" starttime="20231216 00:46:54.987" endtime="20231216 00:46:55.025"/>
</kw>
<kw name="Wait Until Keyword Succeeds" library="BuiltIn">
<arg>20x</arg>
<arg>0.1s</arg>
<arg>Click Element</arg>
<arg>${locator}</arg>
<arg>${press_key}</arg>
<doc>Runs the specified keyword and retries if it fails.</doc>
<kw name="Click Element" library="SeleniumLibrary">
<arg>${locator}</arg>
<arg>${press_key}</arg>
<doc>Click the element identified by ``locator``.</doc>
<msg timestamp="20231216 00:46:55.026" level="INFO">Clicking element '//ul[@id='menu-primary-items']//a[text()='Practice']'.</msg>
<status status="PASS" starttime="20231216 00:46:55.026" endtime="20231216 00:46:55.664"/>
</kw>
<status status="PASS" starttime="20231216 00:46:55.025" endtime="20231216 00:46:55.664"/>
</kw>
<status status="PASS" starttime="20231216 00:46:54.598" endtime="20231216 00:46:55.665"/>
</kw>
<kw name="Wait Until Element Is Visible" library="SeleniumLibrary">
<arg>${Practice_Title_txt}</arg>
<arg>${Element_Timeout}</arg>
<doc>Waits until the element ``locator`` is visible.</doc>
<status status="PASS" starttime="20231216 00:46:55.666" endtime="20231216 00:46:55.700"/>
</kw>
<kw name="Wait And Click Element" library="Keyword_FE_Base">
<arg>${Practice_Test_Login_Page_btn}</arg>
<doc>Keyword to wait for element to be visible before clicking the element</doc>
<kw name="Wait Until Page Contains Element" library="SeleniumLibrary">
<arg>${locator}</arg>
<arg>${Element_Timeout}</arg>
<doc>Waits until the element ``locator`` appears on the current page.</doc>
<status status="PASS" starttime="20231216 00:46:55.702" endtime="20231216 00:46:55.719"/>
</kw>
<kw name="Wait Until Keyword Succeeds" library="BuiltIn">
<arg>20x</arg>
<arg>0.2s</arg>
<arg>Scroll Element Into View</arg>
<arg>${locator}</arg>
<doc>Runs the specified keyword and retries if it fails.</doc>
<kw name="Scroll Element Into View" library="SeleniumLibrary">
<arg>${locator}</arg>
<doc>Scrolls the element identified by ``locator`` into view.</doc>
<status status="PASS" starttime="20231216 00:46:55.722" endtime="20231216 00:46:56.023"/>
</kw>
<status status="PASS" starttime="20231216 00:46:55.719" endtime="20231216 00:46:56.024"/>
</kw>
<kw name="Wait Until Element Is Visible" library="SeleniumLibrary">
<arg>${locator}</arg>
<arg>${Element_Timeout}</arg>
<doc>Waits until the element ``locator`` is visible.</doc>
<status status="PASS" starttime="20231216 00:46:56.024" endtime="20231216 00:46:56.044"/>
</kw>
<kw name="Wait Until Element Is Enabled" library="SeleniumLibrary">
<arg>${locator}</arg>
<arg>${Element_Timeout}</arg>
<doc>Waits until the element ``locator`` is enabled.</doc>
<status status="PASS" starttime="20231216 00:46:56.044" endtime="20231216 00:46:56.076"/>
</kw>
<kw name="Wait Until Keyword Succeeds" library="BuiltIn">
<arg>20x</arg>
<arg>0.1s</arg>
<arg>Click Element</arg>
<arg>${locator}</arg>
<arg>${press_key}</arg>
<doc>Runs the specified keyword and retries if it fails.</doc>
<kw name="Click Element" library="SeleniumLibrary">
<arg>${locator}</arg>
<arg>${press_key}</arg>
<doc>Click the element identified by ``locator``.</doc>
<msg timestamp="20231216 00:46:56.078" level="INFO">Clicking element '//a[text()='Test Login Page']'.</msg>
<status status="PASS" starttime="20231216 00:46:56.077" endtime="20231216 00:46:56.748"/>
</kw>
<status status="PASS" starttime="20231216 00:46:56.077" endtime="20231216 00:46:56.750"/>
</kw>
<status status="PASS" starttime="20231216 00:46:55.701" endtime="20231216 00:46:56.750"/>
</kw>
<kw name="Wait Until Element Is Visible" library="SeleniumLibrary">
<arg>${Login_Title_txt}</arg>
<arg>${Element_Timeout}</arg>
<doc>Waits until the element ``locator`` is visible.</doc>
<status status="PASS" starttime="20231216 00:46:56.750" endtime="20231216 00:46:56.814"/>
</kw>
<status status="PASS" starttime="20231216 00:46:54.544" endtime="20231216 00:46:56.815"/>
</kw>
<status status="PASS" starttime="20231216 00:46:46.946" endtime="20231216 00:46:56.815"/>
</kw>
<test id="s1-s1-s1-t1" name="Login to Portal when all entries are empty" line="28">
<kw name="Run Keywords" library="BuiltIn" type="SETUP">
<arg>Reload Page</arg>
<arg>AND</arg>
<arg>Wait Until Element Is Visible</arg>
<arg>${Login_Title_txt}</arg>
<doc>Executes all the given keywords in a sequence.</doc>
<kw name="Reload Page" library="SeleniumLibrary">
<doc>Simulates user reloading page.</doc>
<status status="PASS" starttime="20231216 00:46:56.817" endtime="20231216 00:46:57.365"/>
</kw>
<kw name="Wait Until Element Is Visible" library="SeleniumLibrary">
<arg>${Login_Title_txt}</arg>
<doc>Waits until the element ``locator`` is visible.</doc>
<status status="PASS" starttime="20231216 00:46:57.366" endtime="20231216 00:46:57.469"/>
</kw>
<status status="PASS" starttime="20231216 00:46:56.816" endtime="20231216 00:46:57.469"/>
</kw>
<kw name="Login to Portal" library="Keyword_FE_Login">
<arg>${EMPTY}</arg>
<arg>${EMPTY}</arg>
<doc>Keyword to input username &amp; password and login to enter Home Page.</doc>
<kw name="Wait Until Element Is Visible" library="SeleniumLibrary">
<arg>${Login_Title_txt}</arg>
<arg>${Element_Timeout}</arg>
<doc>Waits until the element ``locator`` is visible.</doc>
<status status="PASS" starttime="20231216 00:46:57.472" endtime="20231216 00:46:57.496"/>
</kw>
<kw name="Wait and Input Text" library="Keyword_FE_Base">
<arg>${Login_Username_txt}</arg>
<arg>${username}</arg>
<doc>Keyword to input text after waiting till object appears and input text</doc>
<kw name="Wait Until Page Contains Element" library="SeleniumLibrary">
<arg>${locator}</arg>
<arg>timeout=${Element_Timeout}</arg>
<doc>Waits until the element ``locator`` appears on the current page.</doc>
<status status="PASS" starttime="20231216 00:46:57.499" endtime="20231216 00:46:57.527"/>
</kw>
<kw name="Scroll Element Into View" library="SeleniumLibrary">
<arg>${locator}</arg>
<doc>Scrolls the element identified by ``locator`` into view.</doc>
<status status="PASS" starttime="20231216 00:46:57.528" endtime="20231216 00:46:57.812"/>
</kw>
<kw name="Sleep" library="BuiltIn">
<arg>0.3s</arg>
<doc>Pauses the test executed for the given time.</doc>
<msg timestamp="20231216 00:46:58.123" level="INFO">Slept 300 milliseconds</msg>
<status status="PASS" starttime="20231216 00:46:57.812" endtime="20231216 00:46:58.123"/>
</kw>
<kw name="Input Text" library="SeleniumLibrary">
<arg>${locator}</arg>
<arg>${text}</arg>
<doc>Types the given ``text`` into the text field identified by ``locator``.</doc>
<msg timestamp="20231216 00:46:58.125" level="INFO">Typing text '' into text field 'username'.</msg>
<status status="PASS" starttime="20231216 00:46:58.123" endtime="20231216 00:46:58.245"/>
</kw>
<if>
<branch type="IF" condition="&quot;${press_key}&quot; != &quot;${EMPTY}&quot;">
<kw name="Sleep" library="BuiltIn">
<arg>0.4s</arg>
<doc>Pauses the test executed for the given time.</doc>
<status status="NOT RUN" starttime="20231216 00:46:58.247" endtime="20231216 00:46:58.247"/>
</kw>
<kw name="Press Keys" library="SeleniumLibrary">
<arg>None</arg>
<arg>${press_key}</arg>
<doc>Simulates the user pressing key(s) to an element or on the active browser.</doc>
<status status="NOT RUN" starttime="20231216 00:46:58.247" endtime="20231216 00:46:58.247"/>
</kw>
<status status="NOT RUN" starttime="20231216 00:46:58.246" endtime="20231216 00:46:58.247"/>
</branch>
<status status="PASS" starttime="20231216 00:46:58.245" endtime="20231216 00:46:58.247"/>
</if>
<status status="PASS" starttime="20231216 00:46:57.496" endtime="20231216 00:46:58.247"/>
</kw>
<kw name="Wait and Input Text" library="Keyword_FE_Base">
<arg>${Login_Password_txt}</arg>
<arg>${password}</arg>
<doc>Keyword to input text after waiting till object appears and input text</doc>
<kw name="Wait Until Page Contains Element" library="SeleniumLibrary">
<arg>${locator}</arg>
<arg>timeout=${Element_Timeout}</arg>
<doc>Waits until the element ``locator`` appears on the current page.</doc>
<status status="PASS" starttime="20231216 00:46:58.251" endtime="20231216 00:46:58.270"/>
</kw>
<kw name="Scroll Element Into View" library="SeleniumLibrary">
<arg>${locator}</arg>
<doc>Scrolls the element identified by ``locator`` into view.</doc>
<status status="PASS" starttime="20231216 00:46:58.270" endtime="20231216 00:46:58.565"/>
</kw>
<kw name="Sleep" library="BuiltIn">
<arg>0.3s</arg>
<doc>Pauses the test executed for the given time.</doc>
<msg timestamp="20231216 00:46:58.873" level="INFO">Slept 300 milliseconds</msg>
<status status="PASS" starttime="20231216 00:46:58.565" endtime="20231216 00:46:58.873"/>
</kw>
<kw name="Input Text" library="SeleniumLibrary">
<arg>${locator}</arg>
<arg>${text}</arg>
<doc>Types the given ``text`` into the text field identified by ``locator``.</doc>
<msg timestamp="20231216 00:46:58.874" level="INFO">Typing text '' into text field 'password'.</msg>
<status status="PASS" starttime="20231216 00:46:58.873" endtime="20231216 00:46:58.979"/>
</kw>
<if>
<branch type="IF" condition="&quot;${press_key}&quot; != &quot;${EMPTY}&quot;">
<kw name="Sleep" library="BuiltIn">
<arg>0.4s</arg>
<doc>Pauses the test executed for the given time.</doc>
<status status="NOT RUN" starttime="20231216 00:46:58.980" endtime="20231216 00:46:58.980"/>
</kw>
<kw name="Press Keys" library="SeleniumLibrary">
<arg>None</arg>
<arg>${press_key}</arg>
<doc>Simulates the user pressing key(s) to an element or on the active browser.</doc>
<status status="NOT RUN" starttime="20231216 00:46:58.980" endtime="20231216 00:46:58.980"/>
</kw>
<status status="NOT RUN" starttime="20231216 00:46:58.979" endtime="20231216 00:46:58.980"/>
</branch>
<status status="PASS" starttime="20231216 00:46:58.979" endtime="20231216 00:46:58.980"/>
</if>
<status status="PASS" starttime="20231216 00:46:58.248" endtime="20231216 00:46:58.980"/>
</kw>
<kw name="Wait And Click Element" library="Keyword_FE_Base">
<arg>${Login_Submit_btn}</arg>
<doc>Keyword to wait for element to be visible before clicking the element</doc>
<kw name="Wait Until Page Contains Element" library="SeleniumLibrary">
<arg>${locator}</arg>
<arg>${Element_Timeout}</arg>
<doc>Waits until the element ``locator`` appears on the current page.</doc>
<status status="PASS" starttime="20231216 00:46:58.982" endtime="20231216 00:46:59.001"/>
</kw>
<kw name="Wait Until Keyword Succeeds" library="BuiltIn">
<arg>20x</arg>
<arg>0.2s</arg>
<arg>Scroll Element Into View</arg>
<arg>${locator}</arg>
<doc>Runs the specified keyword and retries if it fails.</doc>
<kw name="Scroll Element Into View" library="SeleniumLibrary">
<arg>${locator}</arg>
<doc>Scrolls the element identified by ``locator`` into view.</doc>
<status status="PASS" starttime="20231216 00:46:59.004" endtime="20231216 00:46:59.311"/>
</kw>
<status status="PASS" starttime="20231216 00:46:59.002" endtime="20231216 00:46:59.311"/>
</kw>
<kw name="Wait Until Element Is Visible" library="SeleniumLibrary">
<arg>${locator}</arg>
<arg>${Element_Timeout}</arg>
<doc>Waits until the element ``locator`` is visible.</doc>
<status status="PASS" starttime="20231216 00:46:59.312" endtime="20231216 00:46:59.338"/>
</kw>
<kw name="Wait Until Element Is Enabled" library="SeleniumLibrary">
<arg>${locator}</arg>
<arg>${Element_Timeout}</arg>
<doc>Waits until the element ``locator`` is enabled.</doc>
<status status="PASS" starttime="20231216 00:46:59.338" endtime="20231216 00:46:59.376"/>
</kw>
<kw name="Wait Until Keyword Succeeds" library="BuiltIn">
<arg>20x</arg>
<arg>0.1s</arg>
<arg>Click Element</arg>
<arg>${locator}</arg>
<arg>${press_key}</arg>
<doc>Runs the specified keyword and retries if it fails.</doc>
<kw name="Click Element" library="SeleniumLibrary">
<arg>${locator}</arg>
<arg>${press_key}</arg>
<doc>Click the element identified by ``locator``.</doc>
<msg timestamp="20231216 00:46:59.377" level="INFO">Clicking element 'submit'.</msg>
<status status="PASS" starttime="20231216 00:46:59.377" endtime="20231216 00:46:59.444"/>
</kw>
<status status="PASS" starttime="20231216 00:46:59.376" endtime="20231216 00:46:59.444"/>
</kw>
<status status="PASS" starttime="20231216 00:46:58.980" endtime="20231216 00:46:59.446"/>
</kw>
<status status="PASS" starttime="20231216 00:46:57.469" endtime="20231216 00:46:59.446"/>
</kw>
<kw name="Check if is not logged in to Portal" library="Keyword_FE_Login">
<arg>Your username is invalid!</arg>
<doc>Keyword to check error message contents when login is not successful</doc>
<kw name="Wait Until Element Is Visible" library="SeleniumLibrary">
<arg>${Login_Error_Message_txt}</arg>
<arg>${Element_Timeout}</arg>
<doc>Waits until the element ``locator`` is visible.</doc>
<status status="PASS" starttime="20231216 00:46:59.448" endtime="20231216 00:46:59.498"/>
</kw>
<kw name="Wait Until Get Text Succeeds" library="Keyword_FE_Base">
<var>${actual_error_message}</var>
<arg>${Login_Error_Message_txt}</arg>
<doc>Keyword to wait until get text succeeds</doc>
<kw name="Wait Until Keyword Succeeds" library="BuiltIn">
<arg>${retry}</arg>
<arg>${retry_interval}</arg>
<arg>Get Text And Set Variable</arg>
<arg>${locator}</arg>
<doc>Runs the specified keyword and retries if it fails.</doc>
<kw name="Get Text And Set Variable" library="Keyword_FE_Base">
<arg>${locator}</arg>
<doc>Keyword to get text and set variable</doc>
<kw name="Get Text" library="SeleniumLibrary">
<var>${get_text_value}</var>
<arg>${locator}</arg>
<doc>Returns the text value of the element identified by ``locator``.</doc>
<msg timestamp="20231216 00:46:59.538" level="INFO">${get_text_value} = Your username is invalid!</msg>
<status status="PASS" starttime="20231216 00:46:59.501" endtime="20231216 00:46:59.538"/>
</kw>
<kw name="Set Global Variable" library="BuiltIn">
<arg>${TEXT_VALUE}</arg>
<arg>${get_text_value}</arg>
<doc>Makes a variable available globally in all tests and suites.</doc>
<msg timestamp="20231216 00:46:59.541" level="INFO">${TEXT_VALUE} = Your username is invalid!</msg>
<status status="PASS" starttime="20231216 00:46:59.539" endtime="20231216 00:46:59.542"/>
</kw>
<status status="PASS" starttime="20231216 00:46:59.500" endtime="20231216 00:46:59.542"/>
</kw>
<status status="PASS" starttime="20231216 00:46:59.499" endtime="20231216 00:46:59.543"/>
</kw>
<msg timestamp="20231216 00:46:59.543" level="INFO">${actual_error_message} = Your username is invalid!</msg>
<status status="PASS" starttime="20231216 00:46:59.499" endtime="20231216 00:46:59.543"/>
</kw>
<kw name="Should Be Equal As Strings" library="BuiltIn">
<arg>${actual_error_message}</arg>
<arg>${expected_error_message}</arg>
<doc>Fails if objects are unequal after converting them to strings.</doc>
<status status="PASS" starttime="20231216 00:46:59.543" endtime="20231216 00:46:59.545"/>
</kw>
<status status="PASS" starttime="20231216 00:46:59.447" endtime="20231216 00:46:59.545"/>
</kw>
<kw name="Run Keywords" library="BuiltIn" type="TEARDOWN">
<arg>Run Keyword If Test Failed</arg>
<arg>Capture Page Screenshot</arg>
<arg>AND</arg>
<arg>Remove Files</arg>
<arg>${DOWNLOAD_DIR}${/}*</arg>
<doc>Executes all the given keywords in a sequence.</doc>
<kw name="Run Keyword If Test Failed" library="BuiltIn">
<arg>Capture Page Screenshot</arg>
<doc>Runs the given keyword with the given arguments, if the test failed.</doc>
<status status="PASS" starttime="20231216 00:46:59.547" endtime="20231216 00:46:59.547"/>
</kw>
<kw name="Remove Files" library="OperatingSystem">
<arg>${DOWNLOAD_DIR}${/}*</arg>
<doc>Uses `Remove File` to remove multiple files one-by-one.</doc>
<msg timestamp="20231216 00:46:59.548" level="INFO" html="true">File '&lt;a href="file://C:\Users\eray.yagiz\PycharmProjects\Case-03\Resources\Downloads\*"&gt;C:\Users\eray.yagiz\PycharmProjects\Case-03\Resources\Downloads\*&lt;/a&gt;' does not exist.</msg>
<status status="PASS" starttime="20231216 00:46:59.547" endtime="20231216 00:46:59.548"/>
</kw>
<status status="PASS" starttime="20231216 00:46:59.546" endtime="20231216 00:46:59.548"/>
</kw>
<tag>FRONTEND</tag>
<tag>LOGIN</tag>
<tag>Negative</tag>
<status status="PASS" starttime="20231216 00:46:56.815" endtime="20231216 00:46:59.548"/>
</test>
<test id="s1-s1-s1-t2" name="Login to Portal when Username is empty" line="33">
<kw name="Run Keywords" library="BuiltIn" type="SETUP">
<arg>Reload Page</arg>
<arg>AND</arg>
<arg>Wait Until Element Is Visible</arg>
<arg>${Login_Title_txt}</arg>
<doc>Executes all the given keywords in a sequence.</doc>
<kw name="Reload Page" library="SeleniumLibrary">
<doc>Simulates user reloading page.</doc>
<status status="PASS" starttime="20231216 00:46:59.551" endtime="20231216 00:47:00.066"/>
</kw>
<kw name="Wait Until Element Is Visible" library="SeleniumLibrary">
<arg>${Login_Title_txt}</arg>
<doc>Waits until the element ``locator`` is visible.</doc>
<status status="PASS" starttime="20231216 00:47:00.066" endtime="20231216 00:47:00.125"/>
</kw>
<status status="PASS" starttime="20231216 00:46:59.550" endtime="20231216 00:47:00.125"/>
</kw>
<kw name="Login to Portal" library="Keyword_FE_Login">
<arg>${EMPTY}</arg>
<arg>${PORTAL_PASSWORD}</arg>
<doc>Keyword to input username &amp; password and login to enter Home Page.</doc>
<kw name="Wait Until Element Is Visible" library="SeleniumLibrary">
<arg>${Login_Title_txt}</arg>
<arg>${Element_Timeout}</arg>
<doc>Waits until the element ``locator`` is visible.</doc>
<status status="PASS" starttime="20231216 00:47:00.128" endtime="20231216 00:47:00.161"/>
</kw>
<kw name="Wait and Input Text" library="Keyword_FE_Base">
<arg>${Login_Username_txt}</arg>
<arg>${username}</arg>
<doc>Keyword to input text after waiting till object appears and input text</doc>
<kw name="Wait Until Page Contains Element" library="SeleniumLibrary">
<arg>${locator}</arg>
<arg>timeout=${Element_Timeout}</arg>
<doc>Waits until the element ``locator`` appears on the current page.</doc>
<status status="PASS" starttime="20231216 00:47:00.164" endtime="20231216 00:47:00.186"/>
</kw>
<kw name="Scroll Element Into View" library="SeleniumLibrary">
<arg>${locator}</arg>
<doc>Scrolls the element identified by ``locator`` into view.</doc>
<status status="PASS" starttime="20231216 00:47:00.186" endtime="20231216 00:47:00.483"/>
</kw>
<kw name="Sleep" library="BuiltIn">
<arg>0.3s</arg>
<doc>Pauses the test executed for the given time.</doc>
<msg timestamp="20231216 00:47:00.795" level="INFO">Slept 300 milliseconds</msg>
<status status="PASS" starttime="20231216 00:47:00.483" endtime="20231216 00:47:00.795"/>
</kw>
<kw name="Input Text" library="SeleniumLibrary">
<arg>${locator}</arg>
<arg>${text}</arg>
<doc>Types the given ``text`` into the text field identified by ``locator``.</doc>
<msg timestamp="20231216 00:47:00.796" level="INFO">Typing text '' into text field 'username'.</msg>
<status status="PASS" starttime="20231216 00:47:00.796" endtime="20231216 00:47:00.933"/>
</kw>
<if>
<branch type="IF" condition="&quot;${press_key}&quot; != &quot;${EMPTY}&quot;">
<kw name="Sleep" library="BuiltIn">
<arg>0.4s</arg>
<doc>Pauses the test executed for the given time.</doc>
<status status="NOT RUN" starttime="20231216 00:47:00.934" endtime="20231216 00:47:00.934"/>
</kw>
<kw name="Press Keys" library="SeleniumLibrary">
<arg>None</arg>
<arg>${press_key}</arg>
<doc>Simulates the user pressing key(s) to an element or on the active browser.</doc>
<status status="NOT RUN" starttime="20231216 00:47:00.934" endtime="20231216 00:47:00.934"/>
</kw>
<status status="NOT RUN" starttime="20231216 00:47:00.934" endtime="20231216 00:47:00.934"/>
</branch>
<status status="PASS" starttime="20231216 00:47:00.933" endtime="20231216 00:47:00.934"/>
</if>
<status status="PASS" starttime="20231216 00:47:00.162" endtime="20231216 00:47:00.935"/>
</kw>
<kw name="Wait and Input Text" library="Keyword_FE_Base">
<arg>${Login_Password_txt}</arg>
<arg>${password}</arg>
<doc>Keyword to input text after waiting till object appears and input text</doc>
<kw name="Wait Until Page Contains Element" library="SeleniumLibrary">
<arg>${locator}</arg>
<arg>timeout=${Element_Timeout}</arg>
<doc>Waits until the element ``locator`` appears on the current page.</doc>
<status status="PASS" starttime="20231216 00:47:00.936" endtime="20231216 00:47:00.955"/>
</kw>
<kw name="Scroll Element Into View" library="SeleniumLibrary">
<arg>${locator}</arg>
<doc>Scrolls the element identified by ``locator`` into view.</doc>
<status status="PASS" starttime="20231216 00:47:00.957" endtime="20231216 00:47:01.265"/>
</kw>
<kw name="Sleep" library="BuiltIn">
<arg>0.3s</arg>
<doc>Pauses the test executed for the given time.</doc>
<msg timestamp="20231216 00:47:01.575" level="INFO">Slept 300 milliseconds</msg>
<status status="PASS" starttime="20231216 00:47:01.265" endtime="20231216 00:47:01.575"/>
</kw>
<kw name="Input Text" library="SeleniumLibrary">
<arg>${locator}</arg>
<arg>${text}</arg>
<doc>Types the given ``text`` into the text field identified by ``locator``.</doc>
<msg timestamp="20231216 00:47:01.576" level="INFO">Typing text 'Password123' into text field 'password'.</msg>
<status status="PASS" starttime="20231216 00:47:01.575" endtime="20231216 00:47:01.720"/>
</kw>
<if>
<branch type="IF" condition="&quot;${press_key}&quot; != &quot;${EMPTY}&quot;">
<kw name="Sleep" library="BuiltIn">
<arg>0.4s</arg>
<doc>Pauses the test executed for the given time.</doc>
<status status="NOT RUN" starttime="20231216 00:47:01.721" endtime="20231216 00:47:01.721"/>
</kw>
<kw name="Press Keys" library="SeleniumLibrary">
<arg>None</arg>
<arg>${press_key}</arg>
<doc>Simulates the user pressing key(s) to an element or on the active browser.</doc>
<status status="NOT RUN" starttime="20231216 00:47:01.721" endtime="20231216 00:47:01.721"/>
</kw>
<status status="NOT RUN" starttime="20231216 00:47:01.721" endtime="20231216 00:47:01.722"/>
</branch>
<status status="PASS" starttime="20231216 00:47:01.720" endtime="20231216 00:47:01.722"/>
</if>
<status status="PASS" starttime="20231216 00:47:00.935" endtime="20231216 00:47:01.722"/>
</kw>
<kw name="Wait And Click Element" library="Keyword_FE_Base">
<arg>${Login_Submit_btn}</arg>
<doc>Keyword to wait for element to be visible before clicking the element</doc>
<kw name="Wait Until Page Contains Element" library="SeleniumLibrary">
<arg>${locator}</arg>
<arg>${Element_Timeout}</arg>
<doc>Waits until the element ``locator`` appears on the current page.</doc>
<status status="PASS" starttime="20231216 00:47:01.724" endtime="20231216 00:47:01.739"/>
</kw>
<kw name="Wait Until Keyword Succeeds" library="BuiltIn">
<arg>20x</arg>
<arg>0.2s</arg>
<arg>Scroll Element Into View</arg>
<arg>${locator}</arg>
<doc>Runs the specified keyword and retries if it fails.</doc>
<kw name="Scroll Element Into View" library="SeleniumLibrary">
<arg>${locator}</arg>
<doc>Scrolls the element identified by ``locator`` into view.</doc>
<status status="PASS" starttime="20231216 00:47:01.740" endtime="20231216 00:47:02.045"/>
</kw>
<status status="PASS" starttime="20231216 00:47:01.739" endtime="20231216 00:47:02.045"/>
</kw>
<kw name="Wait Until Element Is Visible" library="SeleniumLibrary">
<arg>${locator}</arg>
<arg>${Element_Timeout}</arg>
<doc>Waits until the element ``locator`` is visible.</doc>
<status status="PASS" starttime="20231216 00:47:02.046" endtime="20231216 00:47:02.075"/>
</kw>
<kw name="Wait Until Element Is Enabled" library="SeleniumLibrary">
<arg>${locator}</arg>
<arg>${Element_Timeout}</arg>
<doc>Waits until the element ``locator`` is enabled.</doc>
<status status="PASS" starttime="20231216 00:47:02.075" endtime="20231216 00:47:02.106"/>
</kw>
<kw name="Wait Until Keyword Succeeds" library="BuiltIn">
<arg>20x</arg>
<arg>0.1s</arg>
<arg>Click Element</arg>
<arg>${locator}</arg>
<arg>${press_key}</arg>
<doc>Runs the specified keyword and retries if it fails.</doc>
<kw name="Click Element" library="SeleniumLibrary">
<arg>${locator}</arg>
<arg>${press_key}</arg>
<doc>Click the element identified by ``locator``.</doc>
<msg timestamp="20231216 00:47:02.107" level="INFO">Clicking element 'submit'.</msg>
<status status="PASS" starttime="20231216 00:47:02.107" endtime="20231216 00:47:02.156"/>
</kw>
<status status="PASS" starttime="20231216 00:47:02.106" endtime="20231216 00:47:02.156"/>
</kw>
<status status="PASS" starttime="20231216 00:47:01.722" endtime="20231216 00:47:02.156"/>
</kw>
<status status="PASS" starttime="20231216 00:47:00.126" endtime="20231216 00:47:02.157"/>
</kw>
<kw name="Check if is not logged in to Portal" library="Keyword_FE_Login">
<arg>Your username is invalid!</arg>
<doc>Keyword to check error message contents when login is not successful</doc>
<kw name="Wait Until Element Is Visible" library="SeleniumLibrary">
<arg>${Login_Error_Message_txt}</arg>
<arg>${Element_Timeout}</arg>
<doc>Waits until the element ``locator`` is visible.</doc>
<status status="PASS" starttime="20231216 00:47:02.159" endtime="20231216 00:47:02.192"/>
</kw>
<kw name="Wait Until Get Text Succeeds" library="Keyword_FE_Base">
<var>${actual_error_message}</var>
<arg>${Login_Error_Message_txt}</arg>
<doc>Keyword to wait until get text succeeds</doc>
<kw name="Wait Until Keyword Succeeds" library="BuiltIn">
<arg>${retry}</arg>
<arg>${retry_interval}</arg>
<arg>Get Text And Set Variable</arg>
<arg>${locator}</arg>
<doc>Runs the specified keyword and retries if it fails.</doc>
<kw name="Get Text And Set Variable" library="Keyword_FE_Base">
<arg>${locator}</arg>
<doc>Keyword to get text and set variable</doc>
<kw name="Get Text" library="SeleniumLibrary">
<var>${get_text_value}</var>
<arg>${locator}</arg>
<doc>Returns the text value of the element identified by ``locator``.</doc>
<msg timestamp="20231216 00:47:02.232" level="INFO">${get_text_value} = Your username is invalid!</msg>
<status status="PASS" starttime="20231216 00:47:02.198" endtime="20231216 00:47:02.233"/>
</kw>
<kw name="Set Global Variable" library="BuiltIn">
<arg>${TEXT_VALUE}</arg>
<arg>${get_text_value}</arg>
<doc>Makes a variable available globally in all tests and suites.</doc>
<msg timestamp="20231216 00:47:02.236" level="INFO">${TEXT_VALUE} = Your username is invalid!</msg>
<status status="PASS" starttime="20231216 00:47:02.235" endtime="20231216 00:47:02.236"/>
</kw>
<status status="PASS" starttime="20231216 00:47:02.194" endtime="20231216 00:47:02.237"/>
</kw>
<status status="PASS" starttime="20231216 00:47:02.194" endtime="20231216 00:47:02.237"/>
</kw>
<msg timestamp="20231216 00:47:02.238" level="INFO">${actual_error_message} = Your username is invalid!</msg>
<status status="PASS" starttime="20231216 00:47:02.193" endtime="20231216 00:47:02.238"/>
</kw>
<kw name="Should Be Equal As Strings" library="BuiltIn">
<arg>${actual_error_message}</arg>
<arg>${expected_error_message}</arg>
<doc>Fails if objects are unequal after converting them to strings.</doc>
<status status="PASS" starttime="20231216 00:47:02.238" endtime="20231216 00:47:02.238"/>
</kw>
<status status="PASS" starttime="20231216 00:47:02.157" endtime="20231216 00:47:02.239"/>
</kw>
<kw name="Run Keywords" library="BuiltIn" type="TEARDOWN">
<arg>Run Keyword If Test Failed</arg>
<arg>Capture Page Screenshot</arg>
<arg>AND</arg>
<arg>Remove Files</arg>
<arg>${DOWNLOAD_DIR}${/}*</arg>
<doc>Executes all the given keywords in a sequence.</doc>
<kw name="Run Keyword If Test Failed" library="BuiltIn">
<arg>Capture Page Screenshot</arg>
<doc>Runs the given keyword with the given arguments, if the test failed.</doc>
<status status="PASS" starttime="20231216 00:47:02.239" endtime="20231216 00:47:02.239"/>
</kw>
<kw name="Remove Files" library="OperatingSystem">
<arg>${DOWNLOAD_DIR}${/}*</arg>
<doc>Uses `Remove File` to remove multiple files one-by-one.</doc>
<msg timestamp="20231216 00:47:02.241" level="INFO" html="true">File '&lt;a href="file://C:\Users\eray.yagiz\PycharmProjects\Case-03\Resources\Downloads\*"&gt;C:\Users\eray.yagiz\PycharmProjects\Case-03\Resources\Downloads\*&lt;/a&gt;' does not exist.</msg>
<status status="PASS" starttime="20231216 00:47:02.240" endtime="20231216 00:47:02.241"/>
</kw>
<status status="PASS" starttime="20231216 00:47:02.239" endtime="20231216 00:47:02.241"/>
</kw>
<tag>FRONTEND</tag>
<tag>LOGIN</tag>
<tag>Negative</tag>
<status status="PASS" starttime="20231216 00:46:59.549" endtime="20231216 00:47:02.241"/>
</test>
<test id="s1-s1-s1-t3" name="Login to Portal when Password is empty" line="38">
<kw name="Run Keywords" library="BuiltIn" type="SETUP">
<arg>Reload Page</arg>
<arg>AND</arg>
<arg>Wait Until Element Is Visible</arg>
<arg>${Login_Title_txt}</arg>
<doc>Executes all the given keywords in a sequence.</doc>
<kw name="Reload Page" library="SeleniumLibrary">
<doc>Simulates user reloading page.</doc>
<status status="PASS" starttime="20231216 00:47:02.243" endtime="20231216 00:47:02.744"/>
</kw>
<kw name="Wait Until Element Is Visible" library="SeleniumLibrary">
<arg>${Login_Title_txt}</arg>
<doc>Waits until the element ``locator`` is visible.</doc>
<status status="PASS" starttime="20231216 00:47:02.745" endtime="20231216 00:47:02.786"/>
</kw>
<status status="PASS" starttime="20231216 00:47:02.243" endtime="20231216 00:47:02.786"/>
</kw>
<kw name="Login to Portal" library="Keyword_FE_Login">
<arg>${PORTAL_USERNAME}</arg>
<arg>${EMPTY}</arg>
<doc>Keyword to input username &amp; password and login to enter Home Page.</doc>
<kw name="Wait Until Element Is Visible" library="SeleniumLibrary">
<arg>${Login_Title_txt}</arg>
<arg>${Element_Timeout}</arg>
<doc>Waits until the element ``locator`` is visible.</doc>
<status status="PASS" starttime="20231216 00:47:02.791" endtime="20231216 00:47:02.822"/>
</kw>
<kw name="Wait and Input Text" library="Keyword_FE_Base">
<arg>${Login_Username_txt}</arg>
<arg>${username}</arg>
<doc>Keyword to input text after waiting till object appears and input text</doc>
<kw name="Wait Until Page Contains Element" library="SeleniumLibrary">
<arg>${locator}</arg>
<arg>timeout=${Element_Timeout}</arg>
<doc>Waits until the element ``locator`` appears on the current page.</doc>
<status status="PASS" starttime="20231216 00:47:02.824" endtime="20231216 00:47:02.838"/>
</kw>
<kw name="Scroll Element Into View" library="SeleniumLibrary">
<arg>${locator}</arg>
<doc>Scrolls the element identified by ``locator`` into view.</doc>
<status status="PASS" starttime="20231216 00:47:02.838" endtime="20231216 00:47:03.139"/>
</kw>
<kw name="Sleep" library="BuiltIn">
<arg>0.3s</arg>
<doc>Pauses the test executed for the given time.</doc>
<msg timestamp="20231216 00:47:03.450" level="INFO">Slept 300 milliseconds</msg>
<status status="PASS" starttime="20231216 00:47:03.139" endtime="20231216 00:47:03.450"/>
</kw>
<kw name="Input Text" library="SeleniumLibrary">
<arg>${locator}</arg>
<arg>${text}</arg>
<doc>Types the given ``text`` into the text field identified by ``locator``.</doc>
<msg timestamp="20231216 00:47:03.451" level="INFO">Typing text 'student' into text field 'username'.</msg>
<status status="PASS" starttime="20231216 00:47:03.450" endtime="20231216 00:47:03.595"/>
</kw>
<if>
<branch type="IF" condition="&quot;${press_key}&quot; != &quot;${EMPTY}&quot;">
<kw name="Sleep" library="BuiltIn">
<arg>0.4s</arg>
<doc>Pauses the test executed for the given time.</doc>
<status status="NOT RUN" starttime="20231216 00:47:03.596" endtime="20231216 00:47:03.596"/>
</kw>
<kw name="Press Keys" library="SeleniumLibrary">
<arg>None</arg>
<arg>${press_key}</arg>
<doc>Simulates the user pressing key(s) to an element or on the active browser.</doc>
<status status="NOT RUN" starttime="20231216 00:47:03.597" endtime="20231216 00:47:03.597"/>
</kw>
<status status="NOT RUN" starttime="20231216 00:47:03.596" endtime="20231216 00:47:03.597"/>
</branch>
<status status="PASS" starttime="20231216 00:47:03.595" endtime="20231216 00:47:03.597"/>
</if>
<status status="PASS" starttime="20231216 00:47:02.823" endtime="20231216 00:47:03.597"/>
</kw>
<kw name="Wait and Input Text" library="Keyword_FE_Base">
<arg>${Login_Password_txt}</arg>
<arg>${password}</arg>
<doc>Keyword to input text after waiting till object appears and input text</doc>
<kw name="Wait Until Page Contains Element" library="SeleniumLibrary">
<arg>${locator}</arg>
<arg>timeout=${Element_Timeout}</arg>
<doc>Waits until the element ``locator`` appears on the current page.</doc>
<status status="PASS" starttime="20231216 00:47:03.599" endtime="20231216 00:47:03.623"/>
</kw>
<kw name="Scroll Element Into View" library="SeleniumLibrary">
<arg>${locator}</arg>
<doc>Scrolls the element identified by ``locator`` into view.</doc>
<status status="PASS" starttime="20231216 00:47:03.624" endtime="20231216 00:47:03.919"/>
</kw>
<kw name="Sleep" library="BuiltIn">
<arg>0.3s</arg>
<doc>Pauses the test executed for the given time.</doc>
<msg timestamp="20231216 00:47:04.230" level="INFO">Slept 300 milliseconds</msg>
<status status="PASS" starttime="20231216 00:47:03.919" endtime="20231216 00:47:04.230"/>
</kw>
<kw name="Input Text" library="SeleniumLibrary">
<arg>${locator}</arg>
<arg>${text}</arg>
<doc>Types the given ``text`` into the text field identified by ``locator``.</doc>
<msg timestamp="20231216 00:47:04.231" level="INFO">Typing text '' into text field 'password'.</msg>
<status status="PASS" starttime="20231216 00:47:04.231" endtime="20231216 00:47:04.310"/>
</kw>
<if>
<branch type="IF" condition="&quot;${press_key}&quot; != &quot;${EMPTY}&quot;">
<kw name="Sleep" library="BuiltIn">
<arg>0.4s</arg>
<doc>Pauses the test executed for the given time.</doc>
<status status="NOT RUN" starttime="20231216 00:47:04.311" endtime="20231216 00:47:04.311"/>
</kw>
<kw name="Press Keys" library="SeleniumLibrary">
<arg>None</arg>
<arg>${press_key}</arg>
<doc>Simulates the user pressing key(s) to an element or on the active browser.</doc>
<status status="NOT RUN" starttime="20231216 00:47:04.311" endtime="20231216 00:47:04.311"/>
</kw>
<status status="NOT RUN" starttime="20231216 00:47:04.311" endtime="20231216 00:47:04.311"/>
</branch>
<status status="PASS" starttime="20231216 00:47:04.310" endtime="20231216 00:47:04.311"/>
</if>
<status status="PASS" starttime="20231216 00:47:03.598" endtime="20231216 00:47:04.311"/>
</kw>
<kw name="Wait And Click Element" library="Keyword_FE_Base">
<arg>${Login_Submit_btn}</arg>
<doc>Keyword to wait for element to be visible before clicking the element</doc>
<kw name="Wait Until Page Contains Element" library="SeleniumLibrary">
<arg>${locator}</arg>
<arg>${Element_Timeout}</arg>
<doc>Waits until the element ``locator`` appears on the current page.</doc>
<status status="PASS" starttime="20231216 00:47:04.312" endtime="20231216 00:47:04.331"/>
</kw>
<kw name="Wait Until Keyword Succeeds" library="BuiltIn">
<arg>20x</arg>
<arg>0.2s</arg>
<arg>Scroll Element Into View</arg>
<arg>${locator}</arg>
<doc>Runs the specified keyword and retries if it fails.</doc>
<kw name="Scroll Element Into View" library="SeleniumLibrary">
<arg>${locator}</arg>
<doc>Scrolls the element identified by ``locator`` into view.</doc>
<status status="PASS" starttime="20231216 00:47:04.335" endtime="20231216 00:47:04.620"/>
</kw>
<status status="PASS" starttime="20231216 00:47:04.333" endtime="20231216 00:47:04.620"/>
</kw>
<kw name="Wait Until Element Is Visible" library="SeleniumLibrary">
<arg>${locator}</arg>
<arg>${Element_Timeout}</arg>
<doc>Waits until the element ``locator`` is visible.</doc>
<status status="PASS" starttime="20231216 00:47:04.620" endtime="20231216 00:47:04.660"/>
</kw>
<kw name="Wait Until Element Is Enabled" library="SeleniumLibrary">
<arg>${locator}</arg>
<arg>${Element_Timeout}</arg>
<doc>Waits until the element ``locator`` is enabled.</doc>
<status status="PASS" starttime="20231216 00:47:04.660" endtime="20231216 00:47:04.696"/>
</kw>
<kw name="Wait Until Keyword Succeeds" library="BuiltIn">
<arg>20x</arg>
<arg>0.1s</arg>
<arg>Click Element</arg>
<arg>${locator}</arg>
<arg>${press_key}</arg>
<doc>Runs the specified keyword and retries if it fails.</doc>
<kw name="Click Element" library="SeleniumLibrary">
<arg>${locator}</arg>
<arg>${press_key}</arg>
<doc>Click the element identified by ``locator``.</doc>
<msg timestamp="20231216 00:47:04.697" level="INFO">Clicking element 'submit'.</msg>
<status status="PASS" starttime="20231216 00:47:04.697" endtime="20231216 00:47:04.749"/>
</kw>
<status status="PASS" starttime="20231216 00:47:04.697" endtime="20231216 00:47:04.749"/>
</kw>
<status status="PASS" starttime="20231216 00:47:04.312" endtime="20231216 00:47:04.749"/>
</kw>
<status status="PASS" starttime="20231216 00:47:02.787" endtime="20231216 00:47:04.749"/>
</kw>
<kw name="Check if is not logged in to Portal" library="Keyword_FE_Login">
<arg>Your password is invalid!</arg>
<doc>Keyword to check error message contents when login is not successful</doc>
<kw name="Wait Until Element Is Visible" library="SeleniumLibrary">
<arg>${Login_Error_Message_txt}</arg>
<arg>${Element_Timeout}</arg>
<doc>Waits until the element ``locator`` is visible.</doc>
<status status="PASS" starttime="20231216 00:47:04.750" endtime="20231216 00:47:04.789"/>
</kw>
<kw name="Wait Until Get Text Succeeds" library="Keyword_FE_Base">
<var>${actual_error_message}</var>
<arg>${Login_Error_Message_txt}</arg>
<doc>Keyword to wait until get text succeeds</doc>
<kw name="Wait Until Keyword Succeeds" library="BuiltIn">
<arg>${retry}</arg>
<arg>${retry_interval}</arg>
<arg>Get Text And Set Variable</arg>
<arg>${locator}</arg>
<doc>Runs the specified keyword and retries if it fails.</doc>
<kw name="Get Text And Set Variable" library="Keyword_FE_Base">
<arg>${locator}</arg>
<doc>Keyword to get text and set variable</doc>
<kw name="Get Text" library="SeleniumLibrary">
<var>${get_text_value}</var>
<arg>${locator}</arg>
<doc>Returns the text value of the element identified by ``locator``.</doc>
<msg timestamp="20231216 00:47:04.821" level="INFO">${get_text_value} = Your password is invalid!</msg>
<status status="PASS" starttime="20231216 00:47:04.791" endtime="20231216 00:47:04.821"/>
</kw>
<kw name="Set Global Variable" library="BuiltIn">
<arg>${TEXT_VALUE}</arg>
<arg>${get_text_value}</arg>
<doc>Makes a variable available globally in all tests and suites.</doc>
<msg timestamp="20231216 00:47:04.824" level="INFO">${TEXT_VALUE} = Your password is invalid!</msg>
<status status="PASS" starttime="20231216 00:47:04.822" endtime="20231216 00:47:04.825"/>
</kw>
<status status="PASS" starttime="20231216 00:47:04.791" endtime="20231216 00:47:04.825"/>
</kw>
<status status="PASS" starttime="20231216 00:47:04.790" endtime="20231216 00:47:04.825"/>
</kw>
<msg timestamp="20231216 00:47:04.825" level="INFO">${actual_error_message} = Your password is invalid!</msg>
<status status="PASS" starttime="20231216 00:47:04.789" endtime="20231216 00:47:04.825"/>
</kw>
<kw name="Should Be Equal As Strings" library="BuiltIn">
<arg>${actual_error_message}</arg>
<arg>${expected_error_message}</arg>
<doc>Fails if objects are unequal after converting them to strings.</doc>
<status status="PASS" starttime="20231216 00:47:04.825" endtime="20231216 00:47:04.825"/>
</kw>
<status status="PASS" starttime="20231216 00:47:04.749" endtime="20231216 00:47:04.825"/>
</kw>
<kw name="Run Keywords" library="BuiltIn" type="TEARDOWN">
<arg>Run Keyword If Test Failed</arg>
<arg>Capture Page Screenshot</arg>
<arg>AND</arg>
<arg>Remove Files</arg>
<arg>${DOWNLOAD_DIR}${/}*</arg>
<doc>Executes all the given keywords in a sequence.</doc>
<kw name="Run Keyword If Test Failed" library="BuiltIn">
<arg>Capture Page Screenshot</arg>
<doc>Runs the given keyword with the given arguments, if the test failed.</doc>
<status status="PASS" starttime="20231216 00:47:04.826" endtime="20231216 00:47:04.826"/>
</kw>
<kw name="Remove Files" library="OperatingSystem">
<arg>${DOWNLOAD_DIR}${/}*</arg>
<doc>Uses `Remove File` to remove multiple files one-by-one.</doc>
<msg timestamp="20231216 00:47:04.827" level="INFO" html="true">File '&lt;a href="file://C:\Users\eray.yagiz\PycharmProjects\Case-03\Resources\Downloads\*"&gt;C:\Users\eray.yagiz\PycharmProjects\Case-03\Resources\Downloads\*&lt;/a&gt;' does not exist.</msg>
<status status="PASS" starttime="20231216 00:47:04.826" endtime="20231216 00:47:04.827"/>
</kw>
<status status="PASS" starttime="20231216 00:47:04.825" endtime="20231216 00:47:04.828"/>
</kw>
<tag>FRONTEND</tag>
<tag>LOGIN</tag>
<tag>Negative</tag>
<status status="PASS" starttime="20231216 00:47:02.242" endtime="20231216 00:47:04.828"/>
</test>
<test id="s1-s1-s1-t4" name="Login to Portal when all entries have invalid values" line="43">
<kw name="Run Keywords" library="BuiltIn" type="SETUP">
<arg>Reload Page</arg>
<arg>AND</arg>
<arg>Wait Until Element Is Visible</arg>
<arg>${Login_Title_txt}</arg>
<doc>Executes all the given keywords in a sequence.</doc>
<kw name="Reload Page" library="SeleniumLibrary">
<doc>Simulates user reloading page.</doc>
<status status="PASS" starttime="20231216 00:47:04.833" endtime="20231216 00:47:05.348"/>
</kw>
<kw name="Wait Until Element Is Visible" library="SeleniumLibrary">
<arg>${Login_Title_txt}</arg>
<doc>Waits until the element ``locator`` is visible.</doc>
<status status="PASS" starttime="20231216 00:47:05.349" endtime="20231216 00:47:05.421"/>
</kw>
<status status="PASS" starttime="20231216 00:47:04.831" endtime="20231216 00:47:05.421"/>
</kw>
<kw name="Generate Random String Values" library="Keyword_Common">
<var>${invalid_username}</var>
<arg>5</arg>
<doc>Keyword to generate random string.</doc>
<kw name="Generate Random String" library="String">
<var>${string}</var>
<arg>${char_count}</arg>
<arg>[LOWER]</arg>
<doc>Generates a string with a desired ``length`` from the given ``chars``.</doc>
<msg timestamp="20231216 00:47:05.424" level="INFO">${string} = jgsio</msg>
<status status="PASS" starttime="20231216 00:47:05.423" endtime="20231216 00:47:05.424"/>
</kw>
<msg timestamp="20231216 00:47:05.424" level="INFO">${invalid_username} = jgsio</msg>
<status status="PASS" starttime="20231216 00:47:05.423" endtime="20231216 00:47:05.424"/>
</kw>
<kw name="Generate Random String Values" library="Keyword_Common">
<var>${invalid_password}</var>
<arg>5</arg>
<doc>Keyword to generate random string.</doc>
<kw name="Generate Random String" library="String">
<var>${string}</var>
<arg>${char_count}</arg>
<arg>[LOWER]</arg>
<doc>Generates a string with a desired ``length`` from the given ``chars``.</doc>
<msg timestamp="20231216 00:47:05.425" level="INFO">${string} = krmdl</msg>
<status status="PASS" starttime="20231216 00:47:05.425" endtime="20231216 00:47:05.426"/>
</kw>
<msg timestamp="20231216 00:47:05.426" level="INFO">${invalid_password} = krmdl</msg>
<status status="PASS" starttime="20231216 00:47:05.424" endtime="20231216 00:47:05.426"/>
</kw>
<kw name="Login to Portal" library="Keyword_FE_Login">
<arg>${invalid_username}</arg>
<arg>${invalid_username}</arg>
<doc>Keyword to input username &amp; password and login to enter Home Page.</doc>
<kw name="Wait Until Element Is Visible" library="SeleniumLibrary">
<arg>${Login_Title_txt}</arg>
<arg>${Element_Timeout}</arg>
<doc>Waits until the element ``locator`` is visible.</doc>
<status status="PASS" starttime="20231216 00:47:05.426" endtime="20231216 00:47:05.459"/>
</kw>
<kw name="Wait and Input Text" library="Keyword_FE_Base">
<arg>${Login_Username_txt}</arg>
<arg>${username}</arg>
<doc>Keyword to input text after waiting till object appears and input text</doc>
<kw name="Wait Until Page Contains Element" library="SeleniumLibrary">
<arg>${locator}</arg>
<arg>timeout=${Element_Timeout}</arg>
<doc>Waits until the element ``locator`` appears on the current page.</doc>
<status status="PASS" starttime="20231216 00:47:05.460" endtime="20231216 00:47:05.475"/>
</kw>
<kw name="Scroll Element Into View" library="SeleniumLibrary">
<arg>${locator}</arg>
<doc>Scrolls the element identified by ``locator`` into view.</doc>
<status status="PASS" starttime="20231216 00:47:05.475" endtime="20231216 00:47:05.769"/>
</kw>
<kw name="Sleep" library="BuiltIn">
<arg>0.3s</arg>
<doc>Pauses the test executed for the given time.</doc>
<msg timestamp="20231216 00:47:06.080" level="INFO">Slept 300 milliseconds</msg>
<status status="PASS" starttime="20231216 00:47:05.769" endtime="20231216 00:47:06.080"/>
</kw>
<kw name="Input Text" library="SeleniumLibrary">
<arg>${locator}</arg>
<arg>${text}</arg>
<doc>Types the given ``text`` into the text field identified by ``locator``.</doc>
<msg timestamp="20231216 00:47:06.080" level="INFO">Typing text 'jgsio' into text field 'username'.</msg>
<status status="PASS" starttime="20231216 00:47:06.080" endtime="20231216 00:47:06.200"/>
</kw>
<if>
<branch type="IF" condition="&quot;${press_key}&quot; != &quot;${EMPTY}&quot;">
<kw name="Sleep" library="BuiltIn">
<arg>0.4s</arg>
<doc>Pauses the test executed for the given time.</doc>
<status status="NOT RUN" starttime="20231216 00:47:06.202" endtime="20231216 00:47:06.202"/>
</kw>
<kw name="Press Keys" library="SeleniumLibrary">
<arg>None</arg>
<arg>${press_key}</arg>
<doc>Simulates the user pressing key(s) to an element or on the active browser.</doc>
<status status="NOT RUN" starttime="20231216 00:47:06.203" endtime="20231216 00:47:06.203"/>
</kw>
<status status="NOT RUN" starttime="20231216 00:47:06.202" endtime="20231216 00:47:06.203"/>
</branch>
<status status="PASS" starttime="20231216 00:47:06.200" endtime="20231216 00:47:06.203"/>
</if>
<status status="PASS" starttime="20231216 00:47:05.460" endtime="20231216 00:47:06.203"/>
</kw>
<kw name="Wait and Input Text" library="Keyword_FE_Base">
<arg>${Login_Password_txt}</arg>
<arg>${password}</arg>
<doc>Keyword to input text after waiting till object appears and input text</doc>
<kw name="Wait Until Page Contains Element" library="SeleniumLibrary">
<arg>${locator}</arg>
<arg>timeout=${Element_Timeout}</arg>
<doc>Waits until the element ``locator`` appears on the current page.</doc>
<status status="PASS" starttime="20231216 00:47:06.206" endtime="20231216 00:47:06.227"/>
</kw>
<kw name="Scroll Element Into View" library="SeleniumLibrary">
<arg>${locator}</arg>
<doc>Scrolls the element identified by ``locator`` into view.</doc>
<status status="PASS" starttime="20231216 00:47:06.227" endtime="20231216 00:47:06.517"/>
</kw>
<kw name="Sleep" library="BuiltIn">
<arg>0.3s</arg>
<doc>Pauses the test executed for the given time.</doc>
<msg timestamp="20231216 00:47:06.828" level="INFO">Slept 300 milliseconds</msg>
<status status="PASS" starttime="20231216 00:47:06.517" endtime="20231216 00:47:06.828"/>
</kw>
<kw name="Input Text" library="SeleniumLibrary">
<arg>${locator}</arg>
<arg>${text}</arg>
<doc>Types the given ``text`` into the text field identified by ``locator``.</doc>
<msg timestamp="20231216 00:47:06.828" level="INFO">Typing text 'jgsio' into text field 'password'.</msg>
<status status="PASS" starttime="20231216 00:47:06.828" endtime="20231216 00:47:06.939"/>
</kw>
<if>
<branch type="IF" condition="&quot;${press_key}&quot; != &quot;${EMPTY}&quot;">
<kw name="Sleep" library="BuiltIn">
<arg>0.4s</arg>
<doc>Pauses the test executed for the given time.</doc>
<status status="NOT RUN" starttime="20231216 00:47:06.939" endtime="20231216 00:47:06.939"/>
</kw>
<kw name="Press Keys" library="SeleniumLibrary">
<arg>None</arg>
<arg>${press_key}</arg>
<doc>Simulates the user pressing key(s) to an element or on the active browser.</doc>
<status status="NOT RUN" starttime="20231216 00:47:06.939" endtime="20231216 00:47:06.939"/>
</kw>
<status status="NOT RUN" starttime="20231216 00:47:06.939" endtime="20231216 00:47:06.939"/>
</branch>
<status status="PASS" starttime="20231216 00:47:06.939" endtime="20231216 00:47:06.939"/>
</if>
<status status="PASS" starttime="20231216 00:47:06.204" endtime="20231216 00:47:06.940"/>
</kw>
<kw name="Wait And Click Element" library="Keyword_FE_Base">
<arg>${Login_Submit_btn}</arg>
<doc>Keyword to wait for element to be visible before clicking the element</doc>
<kw name="Wait Until Page Contains Element" library="SeleniumLibrary">
<arg>${locator}</arg>
<arg>${Element_Timeout}</arg>
<doc>Waits until the element ``locator`` appears on the current page.</doc>
<status status="PASS" starttime="20231216 00:47:06.943" endtime="20231216 00:47:06.956"/>
</kw>
<kw name="Wait Until Keyword Succeeds" library="BuiltIn">
<arg>20x</arg>
<arg>0.2s</arg>
<arg>Scroll Element Into View</arg>
<arg>${locator}</arg>
<doc>Runs the specified keyword and retries if it fails.</doc>
<kw name="Scroll Element Into View" library="SeleniumLibrary">
<arg>${locator}</arg>
<doc>Scrolls the element identified by ``locator`` into view.</doc>
<status status="PASS" starttime="20231216 00:47:06.958" endtime="20231216 00:47:07.251"/>
</kw>
<status status="PASS" starttime="20231216 00:47:06.957" endtime="20231216 00:47:07.251"/>
</kw>
<kw name="Wait Until Element Is Visible" library="SeleniumLibrary">
<arg>${locator}</arg>
<arg>${Element_Timeout}</arg>
<doc>Waits until the element ``locator`` is visible.</doc>
<status status="PASS" starttime="20231216 00:47:07.251" endtime="20231216 00:47:07.279"/>
</kw>
<kw name="Wait Until Element Is Enabled" library="SeleniumLibrary">
<arg>${locator}</arg>
<arg>${Element_Timeout}</arg>
<doc>Waits until the element ``locator`` is enabled.</doc>
<status status="PASS" starttime="20231216 00:47:07.280" endtime="20231216 00:47:07.304"/>
</kw>
<kw name="Wait Until Keyword Succeeds" library="BuiltIn">
<arg>20x</arg>
<arg>0.1s</arg>
<arg>Click Element</arg>
<arg>${locator}</arg>
<arg>${press_key}</arg>
<doc>Runs the specified keyword and retries if it fails.</doc>
<kw name="Click Element" library="SeleniumLibrary">
<arg>${locator}</arg>
<arg>${press_key}</arg>
<doc>Click the element identified by ``locator``.</doc>
<msg timestamp="20231216 00:47:07.305" level="INFO">Clicking element 'submit'.</msg>
<status status="PASS" starttime="20231216 00:47:07.304" endtime="20231216 00:47:07.364"/>
</kw>
<status status="PASS" starttime="20231216 00:47:07.304" endtime="20231216 00:47:07.364"/>
</kw>
<status status="PASS" starttime="20231216 00:47:06.940" endtime="20231216 00:47:07.364"/>
</kw>
<status status="PASS" starttime="20231216 00:47:05.426" endtime="20231216 00:47:07.364"/>
</kw>
<kw name="Check if is not logged in to Portal" library="Keyword_FE_Login">
<arg>Your username is invalid!</arg>
<doc>Keyword to check error message contents when login is not successful</doc>
<kw name="Wait Until Element Is Visible" library="SeleniumLibrary">
<arg>${Login_Error_Message_txt}</arg>
<arg>${Element_Timeout}</arg>
<doc>Waits until the element ``locator`` is visible.</doc>
<status status="PASS" starttime="20231216 00:47:07.365" endtime="20231216 00:47:07.402"/>
</kw>
<kw name="Wait Until Get Text Succeeds" library="Keyword_FE_Base">
<var>${actual_error_message}</var>
<arg>${Login_Error_Message_txt}</arg>
<doc>Keyword to wait until get text succeeds</doc>
<kw name="Wait Until Keyword Succeeds" library="BuiltIn">
<arg>${retry}</arg>
<arg>${retry_interval}</arg>
<arg>Get Text And Set Variable</arg>
<arg>${locator}</arg>
<doc>Runs the specified keyword and retries if it fails.</doc>
<kw name="Get Text And Set Variable" library="Keyword_FE_Base">
<arg>${locator}</arg>
<doc>Keyword to get text and set variable</doc>
<kw name="Get Text" library="SeleniumLibrary">
<var>${get_text_value}</var>
<arg>${locator}</arg>
<doc>Returns the text value of the element identified by ``locator``.</doc>
<msg timestamp="20231216 00:47:07.440" level="INFO">${get_text_value} = Your username is invalid!</msg>
<status status="PASS" starttime="20231216 00:47:07.404" endtime="20231216 00:47:07.440"/>
</kw>
<kw name="Set Global Variable" library="BuiltIn">
<arg>${TEXT_VALUE}</arg>
<arg>${get_text_value}</arg>
<doc>Makes a variable available globally in all tests and suites.</doc>
<msg timestamp="20231216 00:47:07.440" level="INFO">${TEXT_VALUE} = Your username is invalid!</msg>
<status status="PASS" starttime="20231216 00:47:07.440" endtime="20231216 00:47:07.440"/>
</kw>
<status status="PASS" starttime="20231216 00:47:07.404" endtime="20231216 00:47:07.440"/>
</kw>
<status status="PASS" starttime="20231216 00:47:07.403" endtime="20231216 00:47:07.441"/>
</kw>
<msg timestamp="20231216 00:47:07.441" level="INFO">${actual_error_message} = Your username is invalid!</msg>
<status status="PASS" starttime="20231216 00:47:07.402" endtime="20231216 00:47:07.441"/>
</kw>
<kw name="Should Be Equal As Strings" library="BuiltIn">
<arg>${actual_error_message}</arg>
<arg>${expected_error_message}</arg>
<doc>Fails if objects are unequal after converting them to strings.</doc>
<status status="PASS" starttime="20231216 00:47:07.441" endtime="20231216 00:47:07.442"/>
</kw>
<status status="PASS" starttime="20231216 00:47:07.365" endtime="20231216 00:47:07.442"/>
</kw>
<kw name="Run Keywords" library="BuiltIn" type="TEARDOWN">
<arg>Run Keyword If Test Failed</arg>
<arg>Capture Page Screenshot</arg>
<arg>AND</arg>
<arg>Remove Files</arg>
<arg>${DOWNLOAD_DIR}${/}*</arg>
<doc>Executes all the given keywords in a sequence.</doc>
<kw name="Run Keyword If Test Failed" library="BuiltIn">
<arg>Capture Page Screenshot</arg>
<doc>Runs the given keyword with the given arguments, if the test failed.</doc>
<status status="PASS" starttime="20231216 00:47:07.443" endtime="20231216 00:47:07.443"/>
</kw>
<kw name="Remove Files" library="OperatingSystem">
<arg>${DOWNLOAD_DIR}${/}*</arg>
<doc>Uses `Remove File` to remove multiple files one-by-one.</doc>
<msg timestamp="20231216 00:47:07.446" level="INFO" html="true">File '&lt;a href="file://C:\Users\eray.yagiz\PycharmProjects\Case-03\Resources\Downloads\*"&gt;C:\Users\eray.yagiz\PycharmProjects\Case-03\Resources\Downloads\*&lt;/a&gt;' does not exist.</msg>
<status status="PASS" starttime="20231216 00:47:07.443" endtime="20231216 00:47:07.446"/>
</kw>
<status status="PASS" starttime="20231216 00:47:07.442" endtime="20231216 00:47:07.446"/>
</kw>
<tag>FRONTEND</tag>
<tag>LOGIN</tag>
<tag>Negative</tag>
<status status="PASS" starttime="20231216 00:47:04.829" endtime="20231216 00:47:07.446"/>
</test>
<test id="s1-s1-s1-t5" name="Login to Portal when Username has invalid value" line="50">
<kw name="Run Keywords" library="BuiltIn" type="SETUP">
<arg>Reload Page</arg>
<arg>AND</arg>
<arg>Wait Until Element Is Visible</arg>
<arg>${Login_Title_txt}</arg>
<doc>Executes all the given keywords in a sequence.</doc>
<kw name="Reload Page" library="SeleniumLibrary">
<doc>Simulates user reloading page.</doc>
<status status="PASS" starttime="20231216 00:47:07.447" endtime="20231216 00:47:07.932"/>
</kw>
<kw name="Wait Until Element Is Visible" library="SeleniumLibrary">
<arg>${Login_Title_txt}</arg>
<doc>Waits until the element ``locator`` is visible.</doc>
<status status="PASS" starttime="20231216 00:47:07.932" endtime="20231216 00:47:07.974"/>
</kw>
<status status="PASS" starttime="20231216 00:47:07.447" endtime="20231216 00:47:07.974"/>
</kw>
<kw name="Generate Random String Values" library="Keyword_Common">
<var>${invalid_username}</var>
<arg>5</arg>
<doc>Keyword to generate random string.</doc>
<kw name="Generate Random String" library="String">
<var>${string}</var>
<arg>${char_count}</arg>
<arg>[LOWER]</arg>
<doc>Generates a string with a desired ``length`` from the given ``chars``.</doc>
<msg timestamp="20231216 00:47:07.979" level="INFO">${string} = wyhru</msg>
<status status="PASS" starttime="20231216 00:47:07.977" endtime="20231216 00:47:07.979"/>
</kw>
<msg timestamp="20231216 00:47:07.981" level="INFO">${invalid_username} = wyhru</msg>
<status status="PASS" starttime="20231216 00:47:07.975" endtime="20231216 00:47:07.981"/>
</kw>
<kw name="Login to Portal" library="Keyword_FE_Login">
<arg>${invalid_username}</arg>
<arg>${PORTAL_PASSWORD}</arg>
<doc>Keyword to input username &amp; password and login to enter Home Page.</doc>
<kw name="Wait Until Element Is Visible" library="SeleniumLibrary">
<arg>${Login_Title_txt}</arg>
<arg>${Element_Timeout}</arg>
<doc>Waits until the element ``locator`` is visible.</doc>
<status status="PASS" starttime="20231216 00:47:07.983" endtime="20231216 00:47:08.004"/>
</kw>
<kw name="Wait and Input Text" library="Keyword_FE_Base">
<arg>${Login_Username_txt}</arg>
<arg>${username}</arg>
<doc>Keyword to input text after waiting till object appears and input text</doc>
<kw name="Wait Until Page Contains Element" library="SeleniumLibrary">
<arg>${locator}</arg>
<arg>timeout=${Element_Timeout}</arg>
<doc>Waits until the element ``locator`` appears on the current page.</doc>
<status status="PASS" starttime="20231216 00:47:08.006" endtime="20231216 00:47:08.023"/>
</kw>
<kw name="Scroll Element Into View" library="SeleniumLibrary">
<arg>${locator}</arg>
<doc>Scrolls the element identified by ``locator`` into view.</doc>
<status status="PASS" starttime="20231216 00:47:08.023" endtime="20231216 00:47:08.309"/>
</kw>
<kw name="Sleep" library="BuiltIn">
<arg>0.3s</arg>
<doc>Pauses the test executed for the given time.</doc>
<msg timestamp="20231216 00:47:08.623" level="INFO">Slept 300 milliseconds</msg>
<status status="PASS" starttime="20231216 00:47:08.310" endtime="20231216 00:47:08.623"/>
</kw>
<kw name="Input Text" library="SeleniumLibrary">
<arg>${locator}</arg>
<arg>${text}</arg>
<doc>Types the given ``text`` into the text field identified by ``locator``.</doc>
<msg timestamp="20231216 00:47:08.624" level="INFO">Typing text 'wyhru' into text field 'username'.</msg>
<status status="PASS" starttime="20231216 00:47:08.623" endtime="20231216 00:47:08.744"/>
</kw>
<if>
<branch type="IF" condition="&quot;${press_key}&quot; != &quot;${EMPTY}&quot;">
<kw name="Sleep" library="BuiltIn">
<arg>0.4s</arg>
<doc>Pauses the test executed for the given time.</doc>
<status status="NOT RUN" starttime="20231216 00:47:08.745" endtime="20231216 00:47:08.746"/>
</kw>
<kw name="Press Keys" library="SeleniumLibrary">
<arg>None</arg>
<arg>${press_key}</arg>
<doc>Simulates the user pressing key(s) to an element or on the active browser.</doc>
<status status="NOT RUN" starttime="20231216 00:47:08.746" endtime="20231216 00:47:08.746"/>
</kw>
<status status="NOT RUN" starttime="20231216 00:47:08.745" endtime="20231216 00:47:08.746"/>
</branch>
<status status="PASS" starttime="20231216 00:47:08.744" endtime="20231216 00:47:08.746"/>
</if>
<status status="PASS" starttime="20231216 00:47:08.004" endtime="20231216 00:47:08.747"/>
</kw>
<kw name="Wait and Input Text" library="Keyword_FE_Base">
<arg>${Login_Password_txt}</arg>
<arg>${password}</arg>
<doc>Keyword to input text after waiting till object appears and input text</doc>
<kw name="Wait Until Page Contains Element" library="SeleniumLibrary">
<arg>${locator}</arg>
<arg>timeout=${Element_Timeout}</arg>
<doc>Waits until the element ``locator`` appears on the current page.</doc>
<status status="PASS" starttime="20231216 00:47:08.750" endtime="20231216 00:47:08.761"/>
</kw>
<kw name="Scroll Element Into View" library="SeleniumLibrary">
<arg>${locator}</arg>
<doc>Scrolls the element identified by ``locator`` into view.</doc>
<status status="PASS" starttime="20231216 00:47:08.763" endtime="20231216 00:47:09.080"/>
</kw>
<kw name="Sleep" library="BuiltIn">
<arg>0.3s</arg>
<doc>Pauses the test executed for the given time.</doc>
<msg timestamp="20231216 00:47:09.389" level="INFO">Slept 300 milliseconds</msg>
<status status="PASS" starttime="20231216 00:47:09.081" endtime="20231216 00:47:09.389"/>
</kw>
<kw name="Input Text" library="SeleniumLibrary">
<arg>${locator}</arg>
<arg>${text}</arg>
<doc>Types the given ``text`` into the text field identified by ``locator``.</doc>
<msg timestamp="20231216 00:47:09.389" level="INFO">Typing text 'Password123' into text field 'password'.</msg>
<status status="PASS" starttime="20231216 00:47:09.389" endtime="20231216 00:47:09.501"/>
</kw>
<if>
<branch type="IF" condition="&quot;${press_key}&quot; != &quot;${EMPTY}&quot;">
<kw name="Sleep" library="BuiltIn">
<arg>0.4s</arg>
<doc>Pauses the test executed for the given time.</doc>
<status status="NOT RUN" starttime="20231216 00:47:09.504" endtime="20231216 00:47:09.504"/>
</kw>
<kw name="Press Keys" library="SeleniumLibrary">
<arg>None</arg>
<arg>${press_key}</arg>
<doc>Simulates the user pressing key(s) to an element or on the active browser.</doc>
<status status="NOT RUN" starttime="20231216 00:47:09.504" endtime="20231216 00:47:09.504"/>
</kw>
<status status="NOT RUN" starttime="20231216 00:47:09.504" endtime="20231216 00:47:09.504"/>
</branch>
<status status="PASS" starttime="20231216 00:47:09.502" endtime="20231216 00:47:09.504"/>
</if>
<status status="PASS" starttime="20231216 00:47:08.747" endtime="20231216 00:47:09.504"/>
</kw>
<kw name="Wait And Click Element" library="Keyword_FE_Base">
<arg>${Login_Submit_btn}</arg>
<doc>Keyword to wait for element to be visible before clicking the element</doc>
<kw name="Wait Until Page Contains Element" library="SeleniumLibrary">
<arg>${locator}</arg>
<arg>${Element_Timeout}</arg>
<doc>Waits until the element ``locator`` appears on the current page.</doc>
<status status="PASS" starttime="20231216 00:47:09.506" endtime="20231216 00:47:09.524"/>
</kw>
<kw name="Wait Until Keyword Succeeds" library="BuiltIn">
<arg>20x</arg>
<arg>0.2s</arg>
<arg>Scroll Element Into View</arg>
<arg>${locator}</arg>
<doc>Runs the specified keyword and retries if it fails.</doc>
<kw name="Scroll Element Into View" library="SeleniumLibrary">
<arg>${locator}</arg>
<doc>Scrolls the element identified by ``locator`` into view.</doc>
<status status="PASS" starttime="20231216 00:47:09.525" endtime="20231216 00:47:09.825"/>
</kw>
<status status="PASS" starttime="20231216 00:47:09.524" endtime="20231216 00:47:09.825"/>
</kw>
<kw name="Wait Until Element Is Visible" library="SeleniumLibrary">
<arg>${locator}</arg>
<arg>${Element_Timeout}</arg>
<doc>Waits until the element ``locator`` is visible.</doc>
<status status="PASS" starttime="20231216 00:47:09.825" endtime="20231216 00:47:09.854"/>
</kw>
<kw name="Wait Until Element Is Enabled" library="SeleniumLibrary">
<arg>${locator}</arg>
<arg>${Element_Timeout}</arg>
<doc>Waits until the element ``locator`` is enabled.</doc>
<status status="PASS" starttime="20231216 00:47:09.854" endtime="20231216 00:47:09.883"/>
</kw>
<kw name="Wait Until Keyword Succeeds" library="BuiltIn">
<arg>20x</arg>
<arg>0.1s</arg>
<arg>Click Element</arg>
<arg>${locator}</arg>
<arg>${press_key}</arg>
<doc>Runs the specified keyword and retries if it fails.</doc>
<kw name="Click Element" library="SeleniumLibrary">
<arg>${locator}</arg>
<arg>${press_key}</arg>
<doc>Click the element identified by ``locator``.</doc>
<msg timestamp="20231216 00:47:09.885" level="INFO">Clicking element 'submit'.</msg>
<status status="PASS" starttime="20231216 00:47:09.884" endtime="20231216 00:47:09.937"/>
</kw>
<status status="PASS" starttime="20231216 00:47:09.883" endtime="20231216 00:47:09.937"/>
</kw>
<status status="PASS" starttime="20231216 00:47:09.504" endtime="20231216 00:47:09.938"/>
</kw>
<status status="PASS" starttime="20231216 00:47:07.981" endtime="20231216 00:47:09.938"/>
</kw>
<kw name="Check if is not logged in to Portal" library="Keyword_FE_Login">
<arg>Your username is invalid!</arg>
<doc>Keyword to check error message contents when login is not successful</doc>
<kw name="Wait Until Element Is Visible" library="SeleniumLibrary">
<arg>${Login_Error_Message_txt}</arg>
<arg>${Element_Timeout}</arg>
<doc>Waits until the element ``locator`` is visible.</doc>
<status status="PASS" starttime="20231216 00:47:09.939" endtime="20231216 00:47:09.970"/>
</kw>
<kw name="Wait Until Get Text Succeeds" library="Keyword_FE_Base">
<var>${actual_error_message}</var>
<arg>${Login_Error_Message_txt}</arg>
<doc>Keyword to wait until get text succeeds</doc>
<kw name="Wait Until Keyword Succeeds" library="BuiltIn">
<arg>${retry}</arg>
<arg>${retry_interval}</arg>
<arg>Get Text And Set Variable</arg>
<arg>${locator}</arg>
<doc>Runs the specified keyword and retries if it fails.</doc>
<kw name="Get Text And Set Variable" library="Keyword_FE_Base">
<arg>${locator}</arg>
<doc>Keyword to get text and set variable</doc>
<kw name="Get Text" library="SeleniumLibrary">
<var>${get_text_value}</var>
<arg>${locator}</arg>
<doc>Returns the text value of the element identified by ``locator``.</doc>
<msg timestamp="20231216 00:47:10.010" level="INFO">${get_text_value} = Your username is invalid!</msg>
<status status="PASS" starttime="20231216 00:47:09.973" endtime="20231216 00:47:10.010"/>
</kw>
<kw name="Set Global Variable" library="BuiltIn">
<arg>${TEXT_VALUE}</arg>
<arg>${get_text_value}</arg>
<doc>Makes a variable available globally in all tests and suites.</doc>
<msg timestamp="20231216 00:47:10.014" level="INFO">${TEXT_VALUE} = Your username is invalid!</msg>
<status status="PASS" starttime="20231216 00:47:10.013" endtime="20231216 00:47:10.014"/>
</kw>
<status status="PASS" starttime="20231216 00:47:09.972" endtime="20231216 00:47:10.014"/>
</kw>
<status status="PASS" starttime="20231216 00:47:09.972" endtime="20231216 00:47:10.015"/>
</kw>
<msg timestamp="20231216 00:47:10.015" level="INFO">${actual_error_message} = Your username is invalid!</msg>
<status status="PASS" starttime="20231216 00:47:09.971" endtime="20231216 00:47:10.015"/>
</kw>
<kw name="Should Be Equal As Strings" library="BuiltIn">
<arg>${actual_error_message}</arg>
<arg>${expected_error_message}</arg>
<doc>Fails if objects are unequal after converting them to strings.</doc>
<status status="PASS" starttime="20231216 00:47:10.015" endtime="20231216 00:47:10.016"/>
</kw>
<status status="PASS" starttime="20231216 00:47:09.938" endtime="20231216 00:47:10.016"/>
</kw>
<kw name="Run Keywords" library="BuiltIn" type="TEARDOWN">
<arg>Run Keyword If Test Failed</arg>
<arg>Capture Page Screenshot</arg>
<arg>AND</arg>
<arg>Remove Files</arg>
<arg>${DOWNLOAD_DIR}${/}*</arg>
<doc>Executes all the given keywords in a sequence.</doc>
<kw name="Run Keyword If Test Failed" library="BuiltIn">
<arg>Capture Page Screenshot</arg>
<doc>Runs the given keyword with the given arguments, if the test failed.</doc>
<status status="PASS" starttime="20231216 00:47:10.017" endtime="20231216 00:47:10.017"/>
</kw>
<kw name="Remove Files" library="OperatingSystem">
<arg>${DOWNLOAD_DIR}${/}*</arg>
<doc>Uses `Remove File` to remove multiple files one-by-one.</doc>
<msg timestamp="20231216 00:47:10.019" level="INFO" html="true">File '&lt;a href="file://C:\Users\eray.yagiz\PycharmProjects\Case-03\Resources\Downloads\*"&gt;C:\Users\eray.yagiz\PycharmProjects\Case-03\Resources\Downloads\*&lt;/a&gt;' does not exist.</msg>
<status status="PASS" starttime="20231216 00:47:10.017" endtime="20231216 00:47:10.019"/>
</kw>
<status status="PASS" starttime="20231216 00:47:10.016" endtime="20231216 00:47:10.020"/>
</kw>
<tag>FRONTEND</tag>
<tag>LOGIN</tag>
<tag>Negative</tag>
<status status="PASS" starttime="20231216 00:47:07.447" endtime="20231216 00:47:10.020"/>
</test>
<test id="s1-s1-s1-t6" name="Login to Portal when Password has invalid value" line="56">
<kw name="Run Keywords" library="BuiltIn" type="SETUP">
<arg>Reload Page</arg>
<arg>AND</arg>
<arg>Wait Until Element Is Visible</arg>
<arg>${Login_Title_txt}</arg>
<doc>Executes all the given keywords in a sequence.</doc>
<kw name="Reload Page" library="SeleniumLibrary">
<doc>Simulates user reloading page.</doc>
<status status="PASS" starttime="20231216 00:47:10.025" endtime="20231216 00:47:10.630"/>
</kw>
<kw name="Wait Until Element Is Visible" library="SeleniumLibrary">
<arg>${Login_Title_txt}</arg>
<doc>Waits until the element ``locator`` is visible.</doc>
<status status="PASS" starttime="20231216 00:47:10.631" endtime="20231216 00:47:10.687"/>
</kw>
<status status="PASS" starttime="20231216 00:47:10.025" endtime="20231216 00:47:10.687"/>
</kw>
<kw name="Generate Random String Values" library="Keyword_Common">
<var>${invalid_password}</var>
<arg>5</arg>
<doc>Keyword to generate random string.</doc>
<kw name="Generate Random String" library="String">
<var>${string}</var>
<arg>${char_count}</arg>
<arg>[LOWER]</arg>
<doc>Generates a string with a desired ``length`` from the given ``chars``.</doc>
<msg timestamp="20231216 00:47:10.689" level="INFO">${string} = qoxxr</msg>
<status status="PASS" starttime="20231216 00:47:10.688" endtime="20231216 00:47:10.689"/>
</kw>
<msg timestamp="20231216 00:47:10.689" level="INFO">${invalid_password} = qoxxr</msg>
<status status="PASS" starttime="20231216 00:47:10.687" endtime="20231216 00:47:10.689"/>
</kw>
<kw name="Login to Portal" library="Keyword_FE_Login">
<arg>${PORTAL_USERNAME}</arg>
<arg>${invalid_password}</arg>
<doc>Keyword to input username &amp; password and login to enter Home Page.</doc>
<kw name="Wait Until Element Is Visible" library="SeleniumLibrary">
<arg>${Login_Title_txt}</arg>
<arg>${Element_Timeout}</arg>
<doc>Waits until the element ``locator`` is visible.</doc>
<status status="PASS" starttime="20231216 00:47:10.693" endtime="20231216 00:47:10.732"/>
</kw>
<kw name="Wait and Input Text" library="Keyword_FE_Base">
<arg>${Login_Username_txt}</arg>
<arg>${username}</arg>
<doc>Keyword to input text after waiting till object appears and input text</doc>
<kw name="Wait Until Page Contains Element" library="SeleniumLibrary">
<arg>${locator}</arg>
<arg>timeout=${Element_Timeout}</arg>
<doc>Waits until the element ``locator`` appears on the current page.</doc>
<status status="PASS" starttime="20231216 00:47:10.735" endtime="20231216 00:47:10.759"/>
</kw>
<kw name="Scroll Element Into View" library="SeleniumLibrary">
<arg>${locator}</arg>
<doc>Scrolls the element identified by ``locator`` into view.</doc>
<status status="PASS" starttime="20231216 00:47:10.760" endtime="20231216 00:47:11.057"/>
</kw>
<kw name="Sleep" library="BuiltIn">
<arg>0.3s</arg>
<doc>Pauses the test executed for the given time.</doc>
<msg timestamp="20231216 00:47:11.368" level="INFO">Slept 300 milliseconds</msg>
<status status="PASS" starttime="20231216 00:47:11.058" endtime="20231216 00:47:11.368"/>
</kw>
<kw name="Input Text" library="SeleniumLibrary">
<arg>${locator}</arg>
<arg>${text}</arg>
<doc>Types the given ``text`` into the text field identified by ``locator``.</doc>
<msg timestamp="20231216 00:47:11.369" level="INFO">Typing text 'student' into text field 'username'.</msg>
<status status="PASS" starttime="20231216 00:47:11.368" endtime="20231216 00:47:11.568"/>
</kw>
<if>
<branch type="IF" condition="&quot;${press_key}&quot; != &quot;${EMPTY}&quot;">
<kw name="Sleep" library="BuiltIn">
<arg>0.4s</arg>
<doc>Pauses the test executed for the given time.</doc>
<status status="NOT RUN" starttime="20231216 00:47:11.569" endtime="20231216 00:47:11.569"/>
</kw>
<kw name="Press Keys" library="SeleniumLibrary">
<arg>None</arg>
<arg>${press_key}</arg>
<doc>Simulates the user pressing key(s) to an element or on the active browser.</doc>
<status status="NOT RUN" starttime="20231216 00:47:11.569" endtime="20231216 00:47:11.569"/>
</kw>
<status status="NOT RUN" starttime="20231216 00:47:11.569" endtime="20231216 00:47:11.569"/>
</branch>
<status status="PASS" starttime="20231216 00:47:11.568" endtime="20231216 00:47:11.569"/>
</if>
<status status="PASS" starttime="20231216 00:47:10.732" endtime="20231216 00:47:11.570"/>
</kw>
<kw name="Wait and Input Text" library="Keyword_FE_Base">
<arg>${Login_Password_txt}</arg>
<arg>${password}</arg>
<doc>Keyword to input text after waiting till object appears and input text</doc>
<kw name="Wait Until Page Contains Element" library="SeleniumLibrary">
<arg>${locator}</arg>
<arg>timeout=${Element_Timeout}</arg>
<doc>Waits until the element ``locator`` appears on the current page.</doc>
<status status="PASS" starttime="20231216 00:47:11.575" endtime="20231216 00:47:11.608"/>
</kw>
<kw name="Scroll Element Into View" library="SeleniumLibrary">
<arg>${locator}</arg>
<doc>Scrolls the element identified by ``locator`` into view.</doc>
<status status="PASS" starttime="20231216 00:47:11.610" endtime="20231216 00:47:11.913"/>
</kw>
<kw name="Sleep" library="BuiltIn">
<arg>0.3s</arg>
<doc>Pauses the test executed for the given time.</doc>
<msg timestamp="20231216 00:47:12.223" level="INFO">Slept 300 milliseconds</msg>
<status status="PASS" starttime="20231216 00:47:11.913" endtime="20231216 00:47:12.223"/>
</kw>
<kw name="Input Text" library="SeleniumLibrary">
<arg>${locator}</arg>
<arg>${text}</arg>
<doc>Types the given ``text`` into the text field identified by ``locator``.</doc>
<msg timestamp="20231216 00:47:12.224" level="INFO">Typing text 'qoxxr' into text field 'password'.</msg>
<status status="PASS" starttime="20231216 00:47:12.223" endtime="20231216 00:47:12.370"/>
</kw>
<if>
<branch type="IF" condition="&quot;${press_key}&quot; != &quot;${EMPTY}&quot;">
<kw name="Sleep" library="BuiltIn">
<arg>0.4s</arg>
<doc>Pauses the test executed for the given time.</doc>
<status status="NOT RUN" starttime="20231216 00:47:12.372" endtime="20231216 00:47:12.372"/>
</kw>
<kw name="Press Keys" library="SeleniumLibrary">
<arg>None</arg>
<arg>${press_key}</arg>
<doc>Simulates the user pressing key(s) to an element or on the active browser.</doc>
<status status="NOT RUN" starttime="20231216 00:47:12.372" endtime="20231216 00:47:12.372"/>
</kw>
<status status="NOT RUN" starttime="20231216 00:47:12.372" endtime="20231216 00:47:12.372"/>
</branch>
<status status="PASS" starttime="20231216 00:47:12.370" endtime="20231216 00:47:12.372"/>
</if>
<status status="PASS" starttime="20231216 00:47:11.571" endtime="20231216 00:47:12.373"/>
</kw>
<kw name="Wait And Click Element" library="Keyword_FE_Base">
<arg>${Login_Submit_btn}</arg>
<doc>Keyword to wait for element to be visible before clicking the element</doc>
<kw name="Wait Until Page Contains Element" library="SeleniumLibrary">
<arg>${locator}</arg>
<arg>${Element_Timeout}</arg>
<doc>Waits until the element ``locator`` appears on the current page.</doc>
<status status="PASS" starttime="20231216 00:47:12.375" endtime="20231216 00:47:12.405"/>
</kw>
<kw name="Wait Until Keyword Succeeds" library="BuiltIn">
<arg>20x</arg>
<arg>0.2s</arg>
<arg>Scroll Element Into View</arg>
<arg>${locator}</arg>
<doc>Runs the specified keyword and retries if it fails.</doc>
<kw name="Scroll Element Into View" library="SeleniumLibrary">
<arg>${locator}</arg>
<doc>Scrolls the element identified by ``locator`` into view.</doc>
<status status="PASS" starttime="20231216 00:47:12.406" endtime="20231216 00:47:12.724"/>
</kw>
<status status="PASS" starttime="20231216 00:47:12.405" endtime="20231216 00:47:12.724"/>
</kw>
<kw name="Wait Until Element Is Visible" library="SeleniumLibrary">
<arg>${locator}</arg>
<arg>${Element_Timeout}</arg>
<doc>Waits until the element ``locator`` is visible.</doc>
<status status="PASS" starttime="20231216 00:47:12.724" endtime="20231216 00:47:12.760"/>
</kw>
<kw name="Wait Until Element Is Enabled" library="SeleniumLibrary">
<arg>${locator}</arg>
<arg>${Element_Timeout}</arg>
<doc>Waits until the element ``locator`` is enabled.</doc>
<status status="PASS" starttime="20231216 00:47:12.760" endtime="20231216 00:47:12.788"/>
</kw>
<kw name="Wait Until Keyword Succeeds" library="BuiltIn">
<arg>20x</arg>
<arg>0.1s</arg>
<arg>Click Element</arg>
<arg>${locator}</arg>
<arg>${press_key}</arg>
<doc>Runs the specified keyword and retries if it fails.</doc>
<kw name="Click Element" library="SeleniumLibrary">
<arg>${locator}</arg>
<arg>${press_key}</arg>
<doc>Click the element identified by ``locator``.</doc>
<msg timestamp="20231216 00:47:12.789" level="INFO">Clicking element 'submit'.</msg>
<status status="PASS" starttime="20231216 00:47:12.789" endtime="20231216 00:47:12.856"/>
</kw>
<status status="PASS" starttime="20231216 00:47:12.788" endtime="20231216 00:47:12.856"/>
</kw>
<status status="PASS" starttime="20231216 00:47:12.373" endtime="20231216 00:47:12.856"/>
</kw>
<status status="PASS" starttime="20231216 00:47:10.690" endtime="20231216 00:47:12.857"/>
</kw>
<kw name="Check if is not logged in to Portal" library="Keyword_FE_Login">
<arg>Your password is invalid!</arg>
<doc>Keyword to check error message contents when login is not successful</doc>
<kw name="Wait Until Element Is Visible" library="SeleniumLibrary">
<arg>${Login_Error_Message_txt}</arg>
<arg>${Element_Timeout}</arg>
<doc>Waits until the element ``locator`` is visible.</doc>
<status status="PASS" starttime="20231216 00:47:12.858" endtime="20231216 00:47:12.901"/>
</kw>
<kw name="Wait Until Get Text Succeeds" library="Keyword_FE_Base">
<var>${actual_error_message}</var>
<arg>${Login_Error_Message_txt}</arg>
<doc>Keyword to wait until get text succeeds</doc>
<kw name="Wait Until Keyword Succeeds" library="BuiltIn">
<arg>${retry}</arg>
<arg>${retry_interval}</arg>
<arg>Get Text And Set Variable</arg>
<arg>${locator}</arg>
<doc>Runs the specified keyword and retries if it fails.</doc>
<kw name="Get Text And Set Variable" library="Keyword_FE_Base">
<arg>${locator}</arg>
<doc>Keyword to get text and set variable</doc>
<kw name="Get Text" library="SeleniumLibrary">
<var>${get_text_value}</var>
<arg>${locator}</arg>
<doc>Returns the text value of the element identified by ``locator``.</doc>
<msg timestamp="20231216 00:47:12.934" level="INFO">${get_text_value} = Your password is invalid!</msg>
<status status="PASS" starttime="20231216 00:47:12.905" endtime="20231216 00:47:12.934"/>
</kw>
<kw name="Set Global Variable" library="BuiltIn">
<arg>${TEXT_VALUE}</arg>
<arg>${get_text_value}</arg>
<doc>Makes a variable available globally in all tests and suites.</doc>
<msg timestamp="20231216 00:47:12.935" level="INFO">${TEXT_VALUE} = Your password is invalid!</msg>
<status status="PASS" starttime="20231216 00:47:12.935" endtime="20231216 00:47:12.935"/>
</kw>
<status status="PASS" starttime="20231216 00:47:12.904" endtime="20231216 00:47:12.936"/>
</kw>
<status status="PASS" starttime="20231216 00:47:12.903" endtime="20231216 00:47:12.936"/>
</kw>
<msg timestamp="20231216 00:47:12.936" level="INFO">${actual_error_message} = Your password is invalid!</msg>
<status status="PASS" starttime="20231216 00:47:12.902" endtime="20231216 00:47:12.936"/>
</kw>
<kw name="Should Be Equal As Strings" library="BuiltIn">
<arg>${actual_error_message}</arg>
<arg>${expected_error_message}</arg>
<doc>Fails if objects are unequal after converting them to strings.</doc>
<status status="PASS" starttime="20231216 00:47:12.936" endtime="20231216 00:47:12.937"/>
</kw>
<status status="PASS" starttime="20231216 00:47:12.857" endtime="20231216 00:47:12.937"/>
</kw>
<kw name="Run Keywords" library="BuiltIn" type="TEARDOWN">
<arg>Run Keyword If Test Failed</arg>
<arg>Capture Page Screenshot</arg>
<arg>AND</arg>
<arg>Remove Files</arg>
<arg>${DOWNLOAD_DIR}${/}*</arg>
<doc>Executes all the given keywords in a sequence.</doc>
<kw name="Run Keyword If Test Failed" library="BuiltIn">
<arg>Capture Page Screenshot</arg>
<doc>Runs the given keyword with the given arguments, if the test failed.</doc>
<status status="PASS" starttime="20231216 00:47:12.937" endtime="20231216 00:47:12.938"/>
</kw>
<kw name="Remove Files" library="OperatingSystem">
<arg>${DOWNLOAD_DIR}${/}*</arg>
<doc>Uses `Remove File` to remove multiple files one-by-one.</doc>
<msg timestamp="20231216 00:47:12.938" level="INFO" html="true">File '&lt;a href="file://C:\Users\eray.yagiz\PycharmProjects\Case-03\Resources\Downloads\*"&gt;C:\Users\eray.yagiz\PycharmProjects\Case-03\Resources\Downloads\*&lt;/a&gt;' does not exist.</msg>
<status status="PASS" starttime="20231216 00:47:12.938" endtime="20231216 00:47:12.939"/>
</kw>
<status status="PASS" starttime="20231216 00:47:12.937" endtime="20231216 00:47:12.939"/>
</kw>
<tag>FRONTEND</tag>
<tag>LOGIN</tag>
<tag>Negative</tag>
<status status="PASS" starttime="20231216 00:47:10.022" endtime="20231216 00:47:12.939"/>
</test>
<test id="s1-s1-s1-t7" name="Login to Portal when all entries have valid values" line="62">
<kw name="Run Keywords" library="BuiltIn" type="SETUP">
<arg>Reload Page</arg>
<arg>AND</arg>
<arg>Wait Until Element Is Visible</arg>
<arg>${Login_Title_txt}</arg>
<doc>Executes all the given keywords in a sequence.</doc>
<kw name="Reload Page" library="SeleniumLibrary">
<doc>Simulates user reloading page.</doc>
<status status="PASS" starttime="20231216 00:47:12.940" endtime="20231216 00:47:13.425"/>
</kw>
<kw name="Wait Until Element Is Visible" library="SeleniumLibrary">
<arg>${Login_Title_txt}</arg>
<doc>Waits until the element ``locator`` is visible.</doc>
<status status="PASS" starttime="20231216 00:47:13.425" endtime="20231216 00:47:13.474"/>
</kw>
<status status="PASS" starttime="20231216 00:47:12.940" endtime="20231216 00:47:13.474"/>
</kw>
<kw name="Login to Portal" library="Keyword_FE_Login">
<arg>${PORTAL_USERNAME}</arg>
<arg>${PORTAL_PASSWORD}</arg>
<doc>Keyword to input username &amp; password and login to enter Home Page.</doc>
<kw name="Wait Until Element Is Visible" library="SeleniumLibrary">
<arg>${Login_Title_txt}</arg>
<arg>${Element_Timeout}</arg>
<doc>Waits until the element ``locator`` is visible.</doc>
<status status="PASS" starttime="20231216 00:47:13.475" endtime="20231216 00:47:13.517"/>
</kw>
<kw name="Wait and Input Text" library="Keyword_FE_Base">
<arg>${Login_Username_txt}</arg>
<arg>${username}</arg>
<doc>Keyword to input text after waiting till object appears and input text</doc>
<kw name="Wait Until Page Contains Element" library="SeleniumLibrary">
<arg>${locator}</arg>
<arg>timeout=${Element_Timeout}</arg>
<doc>Waits until the element ``locator`` appears on the current page.</doc>
<status status="PASS" starttime="20231216 00:47:13.521" endtime="20231216 00:47:13.534"/>
</kw>
<kw name="Scroll Element Into View" library="SeleniumLibrary">
<arg>${locator}</arg>
<doc>Scrolls the element identified by ``locator`` into view.</doc>
<status status="PASS" starttime="20231216 00:47:13.534" endtime="20231216 00:47:13.833"/>
</kw>
<kw name="Sleep" library="BuiltIn">
<arg>0.3s</arg>
<doc>Pauses the test executed for the given time.</doc>
<msg timestamp="20231216 00:47:14.138" level="INFO">Slept 300 milliseconds</msg>
<status status="PASS" starttime="20231216 00:47:13.834" endtime="20231216 00:47:14.138"/>
</kw>
<kw name="Input Text" library="SeleniumLibrary">
<arg>${locator}</arg>
<arg>${text}</arg>
<doc>Types the given ``text`` into the text field identified by ``locator``.</doc>
<msg timestamp="20231216 00:47:14.139" level="INFO">Typing text 'student' into text field 'username'.</msg>
<status status="PASS" starttime="20231216 00:47:14.138" endtime="20231216 00:47:14.320"/>
</kw>
<if>
<branch type="IF" condition="&quot;${press_key}&quot; != &quot;${EMPTY}&quot;">
<kw name="Sleep" library="BuiltIn">
<arg>0.4s</arg>
<doc>Pauses the test executed for the given time.</doc>
<status status="NOT RUN" starttime="20231216 00:47:14.322" endtime="20231216 00:47:14.322"/>
</kw>
<kw name="Press Keys" library="SeleniumLibrary">
<arg>None</arg>
<arg>${press_key}</arg>
<doc>Simulates the user pressing key(s) to an element or on the active browser.</doc>
<status status="NOT RUN" starttime="20231216 00:47:14.323" endtime="20231216 00:47:14.323"/>
</kw>
<status status="NOT RUN" starttime="20231216 00:47:14.322" endtime="20231216 00:47:14.323"/>
</branch>
<status status="PASS" starttime="20231216 00:47:14.320" endtime="20231216 00:47:14.323"/>
</if>
<status status="PASS" starttime="20231216 00:47:13.517" endtime="20231216 00:47:14.323"/>
</kw>
<kw name="Wait and Input Text" library="Keyword_FE_Base">
<arg>${Login_Password_txt}</arg>
<arg>${password}</arg>
<doc>Keyword to input text after waiting till object appears and input text</doc>
<kw name="Wait Until Page Contains Element" library="SeleniumLibrary">
<arg>${locator}</arg>
<arg>timeout=${Element_Timeout}</arg>
<doc>Waits until the element ``locator`` appears on the current page.</doc>
<status status="PASS" starttime="20231216 00:47:14.326" endtime="20231216 00:47:14.345"/>
</kw>
<kw name="Scroll Element Into View" library="SeleniumLibrary">
<arg>${locator}</arg>
<doc>Scrolls the element identified by ``locator`` into view.</doc>
<status status="PASS" starttime="20231216 00:47:14.347" endtime="20231216 00:47:14.656"/>
</kw>
<kw name="Sleep" library="BuiltIn">
<arg>0.3s</arg>
<doc>Pauses the test executed for the given time.</doc>
<msg timestamp="20231216 00:47:14.966" level="INFO">Slept 300 milliseconds</msg>
<status status="PASS" starttime="20231216 00:47:14.656" endtime="20231216 00:47:14.966"/>
</kw>
<kw name="Input Text" library="SeleniumLibrary">
<arg>${locator}</arg>
<arg>${text}</arg>
<doc>Types the given ``text`` into the text field identified by ``locator``.</doc>
<msg timestamp="20231216 00:47:14.968" level="INFO">Typing text 'Password123' into text field 'password'.</msg>
<status status="PASS" starttime="20231216 00:47:14.966" endtime="20231216 00:47:15.104"/>
</kw>
<if>
<branch type="IF" condition="&quot;${press_key}&quot; != &quot;${EMPTY}&quot;">
<kw name="Sleep" library="BuiltIn">
<arg>0.4s</arg>
<doc>Pauses the test executed for the given time.</doc>
<status status="NOT RUN" starttime="20231216 00:47:15.105" endtime="20231216 00:47:15.105"/>
</kw>
<kw name="Press Keys" library="SeleniumLibrary">
<arg>None</arg>
<arg>${press_key}</arg>
<doc>Simulates the user pressing key(s) to an element or on the active browser.</doc>
<status status="NOT RUN" starttime="20231216 00:47:15.105" endtime="20231216 00:47:15.105"/>
</kw>
<status status="NOT RUN" starttime="20231216 00:47:15.105" endtime="20231216 00:47:15.105"/>
</branch>
<status status="PASS" starttime="20231216 00:47:15.104" endtime="20231216 00:47:15.105"/>
</if>
<status status="PASS" starttime="20231216 00:47:14.324" endtime="20231216 00:47:15.106"/>
</kw>
<kw name="Wait And Click Element" library="Keyword_FE_Base">
<arg>${Login_Submit_btn}</arg>
<doc>Keyword to wait for element to be visible before clicking the element</doc>
<kw name="Wait Until Page Contains Element" library="SeleniumLibrary">
<arg>${locator}</arg>
<arg>${Element_Timeout}</arg>
<doc>Waits until the element ``locator`` appears on the current page.</doc>
<status status="PASS" starttime="20231216 00:47:15.108" endtime="20231216 00:47:15.123"/>
</kw>
<kw name="Wait Until Keyword Succeeds" library="BuiltIn">
<arg>20x</arg>
<arg>0.2s</arg>
<arg>Scroll Element Into View</arg>
<arg>${locator}</arg>
<doc>Runs the specified keyword and retries if it fails.</doc>
<kw name="Scroll Element Into View" library="SeleniumLibrary">
<arg>${locator}</arg>
<doc>Scrolls the element identified by ``locator`` into view.</doc>
<status status="PASS" starttime="20231216 00:47:15.124" endtime="20231216 00:47:15.436"/>
</kw>
<status status="PASS" starttime="20231216 00:47:15.124" endtime="20231216 00:47:15.436"/>
</kw>
<kw name="Wait Until Element Is Visible" library="SeleniumLibrary">
<arg>${locator}</arg>
<arg>${Element_Timeout}</arg>
<doc>Waits until the element ``locator`` is visible.</doc>
<status status="PASS" starttime="20231216 00:47:15.437" endtime="20231216 00:47:15.468"/>
</kw>
<kw name="Wait Until Element Is Enabled" library="SeleniumLibrary">
<arg>${locator}</arg>
<arg>${Element_Timeout}</arg>
<doc>Waits until the element ``locator`` is enabled.</doc>
<status status="PASS" starttime="20231216 00:47:15.468" endtime="20231216 00:47:15.496"/>
</kw>
<kw name="Wait Until Keyword Succeeds" library="BuiltIn">
<arg>20x</arg>
<arg>0.1s</arg>
<arg>Click Element</arg>
<arg>${locator}</arg>
<arg>${press_key}</arg>
<doc>Runs the specified keyword and retries if it fails.</doc>
<kw name="Click Element" library="SeleniumLibrary">
<arg>${locator}</arg>
<arg>${press_key}</arg>
<doc>Click the element identified by ``locator``.</doc>
<msg timestamp="20231216 00:47:15.497" level="INFO">Clicking element 'submit'.</msg>
<status status="PASS" starttime="20231216 00:47:15.497" endtime="20231216 00:47:16.779"/>
</kw>
<status status="PASS" starttime="20231216 00:47:15.496" endtime="20231216 00:47:16.779"/>
</kw>
<status status="PASS" starttime="20231216 00:47:15.106" endtime="20231216 00:47:16.780"/>
</kw>
<status status="PASS" starttime="20231216 00:47:13.474" endtime="20231216 00:47:16.780"/>
</kw>
<kw name="Check if user is logged in to Portal successfully" library="Keyword_FE_Login">
<doc>Keyword to check if the user is logged in to Portal successfully</doc>
<kw name="Wait Until Element Is Visible" library="SeleniumLibrary">
<arg>${Login_Success_Message_txt}</arg>
<arg>${Element_Timeout}</arg>
<doc>Waits until the element ``locator`` is visible.</doc>
<status status="PASS" starttime="20231216 00:47:16.786" endtime="20231216 00:47:16.832"/>
</kw>
<kw name="Wait Until Element Is Visible" library="SeleniumLibrary">
<arg>${Login_Success_Message_Details_txt}</arg>
<arg>${Element_Timeout}</arg>
<doc>Waits until the element ``locator`` is visible.</doc>
<status status="PASS" starttime="20231216 00:47:16.832" endtime="20231216 00:47:16.865"/>
</kw>
<kw name="Wait Until Page Does Not Contain Element" library="SeleniumLibrary">
<arg>${Login_Title_txt}</arg>
<arg>${Element_Timeout}</arg>
<doc>Waits until the element ``locator`` disappears from the current page.</doc>
<status status="PASS" starttime="20231216 00:47:16.865" endtime="20231216 00:47:16.873"/>
</kw>
<status status="PASS" starttime="20231216 00:47:16.783" endtime="20231216 00:47:16.873"/>
</kw>
<kw name="Run Keywords" library="BuiltIn" type="TEARDOWN">
<arg>Run Keyword If Test Failed</arg>
<arg>Capture Page Screenshot</arg>
<arg>AND</arg>
<arg>Remove Files</arg>
<arg>${DOWNLOAD_DIR}${/}*</arg>
<doc>Executes all the given keywords in a sequence.</doc>
<kw name="Run Keyword If Test Failed" library="BuiltIn">
<arg>Capture Page Screenshot</arg>
<doc>Runs the given keyword with the given arguments, if the test failed.</doc>
<status status="PASS" starttime="20231216 00:47:16.875" endtime="20231216 00:47:16.876"/>
</kw>
<kw name="Remove Files" library="OperatingSystem">
<arg>${DOWNLOAD_DIR}${/}*</arg>
<doc>Uses `Remove File` to remove multiple files one-by-one.</doc>
<msg timestamp="20231216 00:47:16.877" level="INFO" html="true">File '&lt;a href="file://C:\Users\eray.yagiz\PycharmProjects\Case-03\Resources\Downloads\*"&gt;C:\Users\eray.yagiz\PycharmProjects\Case-03\Resources\Downloads\*&lt;/a&gt;' does not exist.</msg>
<status status="PASS" starttime="20231216 00:47:16.876" endtime="20231216 00:47:16.877"/>
</kw>
<status status="PASS" starttime="20231216 00:47:16.874" endtime="20231216 00:47:16.877"/>
</kw>
<tag>FRONTEND</tag>
<tag>LOGIN</tag>
<tag>Positive</tag>
<status status="PASS" starttime="20231216 00:47:12.939" endtime="20231216 00:47:16.878"/>
</test>
<kw name="Run Keywords" library="BuiltIn" type="TEARDOWN">
<arg>Close Browser</arg>
<doc>Executes all the given keywords in a sequence.</doc>
<kw name="Close Browser" library="SeleniumLibrary">
<doc>Closes the current browser.</doc>
<status status="PASS" starttime="20231216 00:47:16.881" endtime="20231216 00:47:19.174"/>
</kw>
<status status="PASS" starttime="20231216 00:47:16.880" endtime="20231216 00:47:19.174"/>
</kw>
<doc>Test Cases related to Login screen in CASE-3</doc>
<status status="PASS" starttime="20231216 00:46:46.247" endtime="20231216 00:47:19.174"/>
</suite>
<status status="PASS" starttime="20231216 00:46:46.245" endtime="20231216 00:47:19.177"/>
</suite>
<status status="PASS" starttime="20231216 00:46:46.218" endtime="20231216 00:47:19.177"/>
</suite>
<statistics>
<total>
<stat pass="7" fail="0" skip="0">All Tests</stat>
</total>
<tag>
<stat pass="7" fail="0" skip="0">FRONTEND</stat>
<stat pass="7" fail="0" skip="0">LOGIN</stat>
<stat pass="6" fail="0" skip="0">Negative</stat>
<stat pass="1" fail="0" skip="0">Positive</stat>
</tag>
<suite>
<stat pass="7" fail="0" skip="0" id="s1" name="Tests">Tests</stat>
<stat pass="7" fail="0" skip="0" id="s1-s1" name="Frontend">Tests.Frontend</stat>
<stat pass="7" fail="0" skip="0" id="s1-s1-s1" name="TC Login">Tests.Frontend.TC Login</stat>
</suite>
</statistics>
<errors>
</errors>
</robot>
